#
# There is insufficient memory for the Java Runtime Environment to continue.
# Native memory allocation (mmap) failed to map 12288 bytes for committing reserved memory.
# Possible reasons:
#   The system is out of physical RAM or swap space
#   The process is running with CompressedOops enabled, and the Java Heap may be blocking the growth of the native heap
# Possible solutions:
#   Reduce memory load on the system
#   Increase physical memory or swap space
#   Check if swap backing store is full
#   Decrease Java heap size (-Xmx/-Xms)
#   Decrease number of Java threads
#   Decrease Java thread stack sizes (-Xss)
#   Set larger code cache with -XX:ReservedCodeCacheSize=
#   JVM is running with Unscaled Compressed Oops mode in which the Java heap is
#     placed in the first 4GB address space. The Java Heap base address is the
#     maximum limit for the native heap growth. Please use -XX:HeapBaseMinAddress
#     to set the Java Heap base and to place the Java Heap above 4GB virtual address.
# This output file may be truncated or incomplete.
#
#  Out of Memory Error (os_linux.cpp:2757), pid=14017, tid=0x00007f8a730eb700
#
# JRE version: OpenJDK Runtime Environment (8.0_222-b10) (build 1.8.0_222-8u222-b10-1ubuntu1~16.04.1-b10)
# Java VM: OpenJDK 64-Bit Server VM (25.222-b10 mixed mode linux-amd64 compressed oops)
# Failed to write core dump. Core dumps have been disabled. To enable core dumping, try "ulimit -c unlimited" before starting Java again
#

---------------  T H R E A D  ---------------

Current thread (0x00007f8a6c033800):  JavaThread "elasticsearch[Kkallakku][generic][T#5]" daemon [_thread_new, id=5725, stack(0x00007f8a730ab000,0x00007f8a730ec000)]

Stack: [0x00007f8a730ab000,0x00007f8a730ec000],  sp=0x00007f8a730eab50,  free space=254k
Native frames: (J=compiled Java code, j=interpreted, Vv=VM code, C=native code)
V  [libjvm.so+0xa7787b]
V  [libjvm.so+0x4caa8c]
V  [libjvm.so+0x8c595c]
V  [libjvm.so+0x8bd24e]
V  [libjvm.so+0x8c6f27]
V  [libjvm.so+0xa18746]
V  [libjvm.so+0xa1c989]
V  [libjvm.so+0x8c3102]
C  [libpthread.so.0+0x76ba]  start_thread+0xca


---------------  P R O C E S S  ---------------

Java Threads: ( => current thread )
=>0x00007f8a6c033800 JavaThread "elasticsearch[Kkallakku][generic][T#5]" daemon [_thread_new, id=5725, stack(0x00007f8a730ab000,0x00007f8a730ec000)]
  0x00007f8a6c02f000 JavaThread "elasticsearch[Kkallakku][flush][T#1]" daemon [_thread_blocked, id=18274, stack(0x00007f8a32af0000,0x00007f8a32b31000)]
  0x00007f8a6c02e800 JavaThread "elasticsearch[Kkallakku][merge][T#1]" daemon [_thread_blocked, id=18273, stack(0x00007f8a32b31000,0x00007f8a32b72000)]
  0x00007f8a6c027800 JavaThread "elasticsearch[Kkallakku][refresh][T#1]" daemon [_thread_blocked, id=18272, stack(0x00007f8a32b72000,0x00007f8a32bb3000)]
  0x00007f8a8002a800 JavaThread "elasticsearch[Kkallakku][index][T#2]" daemon [_thread_blocked, id=18271, stack(0x00007f8a32bb3000,0x00007f8a32bf4000)]
  0x00007f8a8034f800 JavaThread "elasticsearch[Kkallakku][index][T#1]" daemon [_thread_blocked, id=18270, stack(0x00007f8a32bf4000,0x00007f8a32c35000)]
  0x00007f8a94dc2000 JavaThread "elasticsearch[Kkallakku][get][T#2]" daemon [_thread_blocked, id=14314, stack(0x00007f8a739b7000,0x00007f8a739f8000)]
  0x00007f8a88a81800 JavaThread "elasticsearch[Kkallakku][get][T#1]" daemon [_thread_blocked, id=14313, stack(0x00007f8a739f8000,0x00007f8a73a39000)]
  0x00007f8a88417000 JavaThread "elasticsearch[Kkallakku][search][T#6]" daemon [_thread_blocked, id=14110, stack(0x00007f8a33035000,0x00007f8a33076000)]
  0x00007f8ac02f1000 JavaThread "elasticsearch[Kkallakku][search][T#5]" daemon [_thread_blocked, id=14109, stack(0x00007f8a33076000,0x00007f8a330b7000)]
  0x0000000001c76800 JavaThread "elasticsearch[Kkallakku][search][T#4]" daemon [_thread_blocked, id=14108, stack(0x00007f8a330b7000,0x00007f8a330f8000)]
  0x00007f8a94101800 JavaThread "elasticsearch[Kkallakku][search][T#3]" daemon [_thread_blocked, id=14104, stack(0x00007f8a73935000,0x00007f8a73976000)]
  0x00007f8a88101000 JavaThread "elasticsearch[Kkallakku][search][T#2]" daemon [_thread_blocked, id=14102, stack(0x00007f8a738f4000,0x00007f8a73935000)]
  0x00007f8a8c405800 JavaThread "elasticsearch[Kkallakku][search][T#1]" daemon [_thread_blocked, id=14100, stack(0x00007f8a73a39000,0x00007f8a73a7a000)]
  0x00007f8a84002000 JavaThread "elasticsearch[Kkallakku][management][T#2]" daemon [_thread_blocked, id=14071, stack(0x00007f8a332f8000,0x00007f8a33339000)]
  0x00007f8a6c01f000 JavaThread "elasticsearch[Kkallakku][warmer][T#1]" daemon [_thread_blocked, id=14064, stack(0x00007f8a72064000,0x00007f8a720a5000)]
  0x00007f8ac000c000 JavaThread "DestroyJavaVM" [_thread_blocked, id=14020, stack(0x00007f8ac7f63000,0x00007f8ac7fa4000)]
  0x00007f8ac08ae000 JavaThread "elasticsearch[keepAlive/1.4.1]" [_thread_blocked, id=14061, stack(0x00007f8a734ec000,0x00007f8a7352d000)]
  0x00007f8ac0af9000 JavaThread "elasticsearch[Kkallakku][http_server_boss][T#1]{New I/O server boss #15}" daemon [_thread_in_native, id=14060, stack(0x00007f8a7372d000,0x00007f8a7376e000)]
  0x00007f8ac0af7000 JavaThread "elasticsearch[Kkallakku][http_server_worker][T#4]{New I/O worker #14}" daemon [_thread_in_native, id=14059, stack(0x00007f8a7376e000,0x00007f8a737af000)]
  0x00007f8ac0af5800 JavaThread "elasticsearch[Kkallakku][http_server_worker][T#3]{New I/O worker #13}" daemon [_thread_in_native, id=14058, stack(0x00007f8a737af000,0x00007f8a737f0000)]
  0x00007f8ac085d000 JavaThread "elasticsearch[Kkallakku][http_server_worker][T#2]{New I/O worker #12}" daemon [_thread_in_native, id=14057, stack(0x00007f8a737f0000,0x00007f8a73831000)]
  0x00007f8ac0861000 JavaThread "elasticsearch[Kkallakku][http_server_worker][T#1]{New I/O worker #11}" daemon [_thread_in_native, id=14056, stack(0x00007f8a73831000,0x00007f8a73872000)]
  0x00007f8aa0009800 JavaThread "elasticsearch[Kkallakku][management][T#1]" daemon [_thread_blocked, id=14055, stack(0x00007f8a73872000,0x00007f8a738b3000)]
  0x00007f8aa0007800 JavaThread "elasticsearch[Kkallakku][riverClusterService#updateTask][T#1]" daemon [_thread_blocked, id=14054, stack(0x00007f8a738b3000,0x00007f8a738f4000)]
  0x00007f8a8c39f800 JavaThread "elasticsearch[Kkallakku][transport_client_timer][T#1]{Hashed wheel timer #1}" daemon [_thread_blocked, id=14051, stack(0x00007f8a73976000,0x00007f8a739b7000)]
  0x00007f8ac10c6000 JavaThread "elasticsearch[Kkallakku][clusterService#updateTask][T#1]" daemon [_thread_blocked, id=14047, stack(0x00007f8a73a7a000,0x00007f8a73abb000)]
  0x00007f8ac10a0800 JavaThread "elasticsearch[Kkallakku][[transport_server_boss.default]][T#1]{New I/O server boss #10}" daemon [_thread_in_native, id=14046, stack(0x00007f8a73abb000,0x00007f8a73afc000)]
  0x00007f8ac108e800 JavaThread "elasticsearch[Kkallakku][[transport_server_worker.default]][T#4]{New I/O worker #9}" daemon [_thread_in_native, id=14045, stack(0x00007f8a73cfc000,0x00007f8a73d3d000)]
  0x00007f8ac0ff5000 JavaThread "elasticsearch[Kkallakku][[transport_server_worker.default]][T#3]{New I/O worker #8}" daemon [_thread_in_native, id=14044, stack(0x00007f8a73d3d000,0x00007f8a73d7e000)]
  0x00007f8ac0ff8000 JavaThread "elasticsearch[Kkallakku][[transport_server_worker.default]][T#2]{New I/O worker #7}" daemon [_thread_in_native, id=14043, stack(0x00007f8a73d7e000,0x00007f8a73dbf000)]
  0x00007f8ac0f30000 JavaThread "elasticsearch[Kkallakku][[transport_server_worker.default]][T#1]{New I/O worker #6}" daemon [_thread_in_native, id=14042, stack(0x00007f8a73dbf000,0x00007f8a73e00000)]
  0x00007f8ac0f31800 JavaThread "elasticsearch[Kkallakku][transport_client_boss][T#1]{New I/O boss #5}" daemon [_thread_in_native, id=14041, stack(0x00007f8a7c01d000,0x00007f8a7c05e000)]
  0x00007f8ac0f29800 JavaThread "elasticsearch[Kkallakku][transport_client_worker][T#4]{New I/O worker #4}" daemon [_thread_in_native, id=14040, stack(0x00007f8a7c05e000,0x00007f8a7c09f000)]
  0x00007f8ac0f28000 JavaThread "elasticsearch[Kkallakku][transport_client_worker][T#3]{New I/O worker #3}" daemon [_thread_in_native, id=14039, stack(0x00007f8a7c09f000,0x00007f8a7c0e0000)]
  0x00007f8ac0f1a000 JavaThread "elasticsearch[Kkallakku][transport_client_worker][T#2]{New I/O worker #2}" daemon [_thread_in_native, id=14038, stack(0x00007f8a7c0e0000,0x00007f8a7c121000)]
  0x00007f8ac0f19000 JavaThread "elasticsearch[Kkallakku][transport_client_worker][T#1]{New I/O worker #1}" daemon [_thread_in_native, id=14037, stack(0x00007f8a7c121000,0x00007f8a7c162000)]
  0x00007f8ac0f16000 JavaThread "elasticsearch[Kkallakku][[ttl_expire]]" daemon [_thread_blocked, id=14036, stack(0x00007f8a7c162000,0x00007f8a7c1a3000)]
  0x00007f8ac0f10800 JavaThread "elasticsearch[Kkallakku][master_mapping_updater]" [_thread_blocked, id=14035, stack(0x00007f8a7c1a3000,0x00007f8a7c1e4000)]
  0x00007f8ac0d9b000 JavaThread "elasticsearch[Kkallakku][scheduler][T#1]" daemon [_thread_in_native, id=14034, stack(0x00007f8aa8005000,0x00007f8aa8046000)]
  0x00007f8ac09fb800 JavaThread "elasticsearch[Kkallakku][[timer]]" daemon [_thread_blocked, id=14033, stack(0x00007f8aa8046000,0x00007f8aa8087000)]
  0x00007f8ac0121800 JavaThread "Service Thread" daemon [_thread_blocked, id=14031, stack(0x00007f8aa8cff000,0x00007f8aa8d40000)]
  0x00007f8ac0116800 JavaThread "C1 CompilerThread1" daemon [_thread_blocked, id=14030, stack(0x00007f8aa8d40000,0x00007f8aa8e41000)]
  0x00007f8ac0114800 JavaThread "C2 CompilerThread0" daemon [_thread_blocked, id=14029, stack(0x00007f8aa8e41000,0x00007f8aa8f42000)]
  0x00007f8ac0112000 JavaThread "Signal Dispatcher" daemon [_thread_blocked, id=14028, stack(0x00007f8aa8f42000,0x00007f8aa8f83000)]
  0x00007f8ac0110800 JavaThread "Surrogate Locker Thread (Concurrent GC)" daemon [_thread_blocked, id=14027, stack(0x00007f8aa8f83000,0x00007f8aa8fc4000)]
  0x00007f8ac00de800 JavaThread "Finalizer" daemon [_thread_blocked, id=14026, stack(0x00007f8aa915c000,0x00007f8aa919d000)]
  0x00007f8ac00dc000 JavaThread "Reference Handler" daemon [_thread_blocked, id=14025, stack(0x00007f8aa919d000,0x00007f8aa91de000)]

Other Threads:
  0x00007f8ac00d2800 VMThread [stack: 0x00007f8aa91de000,0x00007f8aa92df000] [id=14024]
  0x00007f8ac0124800 WatcherThread [stack: 0x00007f8aa8bfe000,0x00007f8aa8cff000] [id=14032]

VM state:not at safepoint (normal execution)

VM Mutex/Monitor currently owned by a thread: None

OutOfMemory and StackOverflow Exception counts:
OutOfMemoryError java_heap_errors=3

heap address: 0x00000000c0000000, size: 1024 MB, Compressed Oops mode: 32-bit
Narrow klass base: 0x0000000000000000, Narrow klass shift: 3
Compressed class space size: 1073741824 Address: 0x0000000100000000

Heap:
 par new generation   total 153344K, used 138126K [0x00000000c0000000, 0x00000000ca660000, 0x00000000ca660000)
  eden space 136320K, 100% used [0x00000000c0000000, 0x00000000c8520000, 0x00000000c8520000)
  from space 17024K,  10% used [0x00000000c95c0000, 0x00000000c9783c10, 0x00000000ca660000)
  to   space 17024K,   0% used [0x00000000c8520000, 0x00000000c8520000, 0x00000000c95c0000)
 concurrent mark-sweep generation total 878208K, used 483377K [0x00000000ca660000, 0x0000000100000000, 0x0000000100000000)
 Metaspace       used 41079K, capacity 41264K, committed 41776K, reserved 1085440K
  class space    used 4784K, capacity 4868K, committed 4912K, reserved 1048576K

Card table byte_map: [0x00007f8ac423c000,0x00007f8ac443d000] byte_map_base: 0x00007f8ac3c3c000

Marking Bits: (CMSBitMap*) 0x00007f8ac004b4d8
 Bits: [0x00007f8ab00ec000, 0x00007f8ab0e52800)

Mod Union Table: (CMSBitMap*) 0x00007f8ac004b598
 Bits: [0x00007f8ac7e2c000, 0x00007f8ac7e619a0)

Polling page: 0x00007f8ac7fb2000

CodeCache: size=245760Kb used=27133Kb max_used=27235Kb free=218626Kb
 bounds [0x00007f8ab1000000, 0x00007f8ab2ae0000, 0x00007f8ac0000000]
 total_blobs=8788 nmethods=8218 adapters=483
 compilation: enabled

Compilation events (10 events):
Event: 114127.184 Thread 0x00007f8ac0116800 nmethod 12798 0x00007f8ab2a88c50 code [0x00007f8ab2a88f00, 0x00007f8ab2a8a138]
Event: 114127.184 Thread 0x00007f8ac0116800 12799       3       com.vividsolutions.jts.operation.overlay.OverlayNodeFactory::<init> (5 bytes)
Event: 114127.184 Thread 0x00007f8ac0116800 nmethod 12799 0x00007f8ab2a50b50 code [0x00007f8ab2a50cc0, 0x00007f8ab2a50ed0]
Event: 114127.187 Thread 0x00007f8ac0114800 nmethod 12800 0x00007f8ab2a4e710 code [0x00007f8ab2a4e8a0, 0x00007f8ab2a4f058]
Event: 114136.197 Thread 0x00007f8ac0116800 12803       3       java.util.TimSort::countRunAndMakeAscending (128 bytes)
Event: 114136.197 Thread 0x00007f8ac0116800 nmethod 12803 0x00007f8ab2a9ae90 code [0x00007f8ab2a9b080, 0x00007f8ab2a9bb28]
Event: 114148.443 Thread 0x00007f8ac0116800 12804       3       org.elasticsearch.common.util.concurrent.AtomicArray::asList (107 bytes)
Event: 114148.444 Thread 0x00007f8ac0116800 nmethod 12804 0x00007f8ab2a87490 code [0x00007f8ab2a876c0, 0x00007f8ab2a88508]
Event: 114248.570 Thread 0x00007f8ac0116800 12805   !   3       org.elasticsearch.search.SearchService::parseSource (350 bytes)
Event: 114248.573 Thread 0x00007f8ac0116800 nmethod 12805 0x00007f8ab2a81090 code [0x00007f8ab2a81600, 0x00007f8ab2a851b8]

GC Heap History (10 events):
Event: 114260.000 GC heap before
{Heap before GC invocations=919 (full 132):
 par new generation   total 153344K, used 153344K [0x00000000c0000000, 0x00000000ca660000, 0x00000000ca660000)
  eden space 136320K, 100% used [0x00000000c0000000, 0x00000000c8520000, 0x00000000c8520000)
  from space 17024K, 100% used [0x00000000c95c0000, 0x00000000ca660000, 0x00000000ca660000)
  to   space 17024K,   0% used [0x00000000c8520000, 0x00000000c8520000, 0x00000000c95c0000)
 concurrent mark-sweep generation total 878208K, used 219919K [0x00000000ca660000, 0x0000000100000000, 0x0000000100000000)
 Metaspace       used 41079K, capacity 41264K, committed 41776K, reserved 1085440K
  class space    used 4784K, capacity 4868K, committed 4912K, reserved 1048576K
Event: 114260.031 GC heap after
Heap after GC invocations=920 (full 132):
 par new generation   total 153344K, used 17024K [0x00000000c0000000, 0x00000000ca660000, 0x00000000ca660000)
  eden space 136320K,   0% used [0x00000000c0000000, 0x00000000c0000000, 0x00000000c8520000)
  from space 17024K, 100% used [0x00000000c8520000, 0x00000000c95c0000, 0x00000000c95c0000)
  to   space 17024K,   0% used [0x00000000c95c0000, 0x00000000c95c0000, 0x00000000ca660000)
 concurrent mark-sweep generation total 878208K, used 353921K [0x00000000ca660000, 0x0000000100000000, 0x0000000100000000)
 Metaspace       used 41079K, capacity 41264K, committed 41776K, reserved 1085440K
  class space    used 4784K, capacity 4868K, committed 4912K, reserved 1048576K
}
Event: 114260.274 GC heap before
{Heap before GC invocations=920 (full 132):
 par new generation   total 153344K, used 153344K [0x00000000c0000000, 0x00000000ca660000, 0x00000000ca660000)
  eden space 136320K, 100% used [0x00000000c0000000, 0x00000000c8520000, 0x00000000c8520000)
  from space 17024K, 100% used [0x00000000c8520000, 0x00000000c95c0000, 0x00000000c95c0000)
  to   space 17024K,   0% used [0x00000000c95c0000, 0x00000000c95c0000, 0x00000000ca660000)
 concurrent mark-sweep generation total 878208K, used 353921K [0x00000000ca660000, 0x0000000100000000, 0x0000000100000000)
 Metaspace       used 41079K, capacity 41264K, committed 41776K, reserved 1085440K
  class space    used 4784K, capacity 4868K, committed 4912K, reserved 1048576K
Event: 114260.302 GC heap after
Heap after GC invocations=921 (full 132):
 par new generation   total 153344K, used 17024K [0x00000000c0000000, 0x00000000ca660000, 0x00000000ca660000)
  eden space 136320K,   0% used [0x00000000c0000000, 0x00000000c0000000, 0x00000000c8520000)
  from space 17024K, 100% used [0x00000000c95c0000, 0x00000000ca660000, 0x00000000ca660000)
  to   space 17024K,   0% used [0x00000000c8520000, 0x00000000c8520000, 0x00000000c95c0000)
 concurrent mark-sweep generation total 878208K, used 485967K [0x00000000ca660000, 0x0000000100000000, 0x0000000100000000)
 Metaspace       used 41079K, capacity 41264K, committed 41776K, reserved 1085440K
  class space    used 4784K, capacity 4868K, committed 4912K, reserved 1048576K
}
Event: 114260.515 GC heap before
{Heap before GC invocations=921 (full 132):
 par new generation   total 153344K, used 153341K [0x00000000c0000000, 0x00000000ca660000, 0x00000000ca660000)
  eden space 136320K,  99% used [0x00000000c0000000, 0x00000000c851f528, 0x00000000c8520000)
  from space 17024K, 100% used [0x00000000c95c0000, 0x00000000ca660000, 0x00000000ca660000)
  to   space 17024K,   0% used [0x00000000c8520000, 0x00000000c8520000, 0x00000000c95c0000)
 concurrent mark-sweep generation total 878208K, used 485967K [0x00000000ca660000, 0x0000000100000000, 0x0000000100000000)
 Metaspace       used 41079K, capacity 41264K, committed 41776K, reserved 1085440K
  class space    used 4784K, capacity 4868K, committed 4912K, reserved 1048576K
Event: 114260.547 GC heap after
Heap after GC invocations=922 (full 132):
 par new generation   total 153344K, used 17024K [0x00000000c0000000, 0x00000000ca660000, 0x00000000ca660000)
  eden space 136320K,   0% used [0x00000000c0000000, 0x00000000c0000000, 0x00000000c8520000)
  from space 17024K, 100% used [0x00000000c8520000, 0x00000000c95c0000, 0x00000000c95c0000)
  to   space 17024K,   0% used [0x00000000c95c0000, 0x00000000c95c0000, 0x00000000ca660000)
 concurrent mark-sweep generation total 878208K, used 619329K [0x00000000ca660000, 0x0000000100000000, 0x0000000100000000)
 Metaspace       used 41079K, capacity 41264K, committed 41776K, reserved 1085440K
  class space    used 4784K, capacity 4868K, committed 4912K, reserved 1048576K
}
Event: 114260.604 GC heap before
{Heap before GC invocations=922 (full 132):
 par new generation   total 153344K, used 153344K [0x00000000c0000000, 0x00000000ca660000, 0x00000000ca660000)
  eden space 136320K, 100% used [0x00000000c0000000, 0x00000000c8520000, 0x00000000c8520000)
  from space 17024K, 100% used [0x00000000c8520000, 0x00000000c95c0000, 0x00000000c95c0000)
  to   space 17024K,   0% used [0x00000000c95c0000, 0x00000000c95c0000, 0x00000000ca660000)
 concurrent mark-sweep generation total 878208K, used 619329K [0x00000000ca660000, 0x0000000100000000, 0x0000000100000000)
 Metaspace       used 41079K, capacity 41264K, committed 41776K, reserved 1085440K
  class space    used 4784K, capacity 4868K, committed 4912K, reserved 1048576K
Event: 114260.639 GC heap after
Heap after GC invocations=923 (full 132):
 par new generation   total 153344K, used 17024K [0x00000000c0000000, 0x00000000ca660000, 0x00000000ca660000)
  eden space 136320K,   0% used [0x00000000c0000000, 0x00000000c0000000, 0x00000000c8520000)
  from space 17024K, 100% used [0x00000000c95c0000, 0x00000000ca660000, 0x00000000ca660000)
  to   space 17024K,   0% used [0x00000000c8520000, 0x00000000c8520000, 0x00000000c95c0000)
 concurrent mark-sweep generation total 878208K, used 753593K [0x00000000ca660000, 0x0000000100000000, 0x0000000100000000)
 Metaspace       used 41079K, capacity 41264K, committed 41776K, reserved 1085440K
  class space    used 4784K, capacity 4868K, committed 4912K, reserved 1048576K
}
Event: 114260.699 GC heap before
{Heap before GC invocations=923 (full 133):
 par new generation   total 153344K, used 153344K [0x00000000c0000000, 0x00000000ca660000, 0x00000000ca660000)
  eden space 136320K, 100% used [0x00000000c0000000, 0x00000000c8520000, 0x00000000c8520000)
  from space 17024K, 100% used [0x00000000c95c0000, 0x00000000ca660000, 0x00000000ca660000)
  to   space 17024K,   0% used [0x00000000c8520000, 0x00000000c8520000, 0x00000000c95c0000)
 concurrent mark-sweep generation total 878208K, used 753593K [0x00000000ca660000, 0x0000000100000000, 0x0000000100000000)
 Metaspace       used 41079K, capacity 41264K, committed 41776K, reserved 1085440K
  class space    used 4784K, capacity 4868K, committed 4912K, reserved 1048576K
Event: 114261.064 GC heap after
Heap after GC invocations=924 (full 134):
 par new generation   total 153344K, used 4785K [0x00000000c0000000, 0x00000000ca660000, 0x00000000ca660000)
  eden space 136320K,   3% used [0x00000000c0000000, 0x00000000c04ac460, 0x00000000c8520000)
  from space 17024K,   0% used [0x00000000c95c0000, 0x00000000c95c0000, 0x00000000ca660000)
  to   space 17024K,   0% used [0x00000000c8520000, 0x00000000c8520000, 0x00000000c95c0000)
 concurrent mark-sweep generation total 878208K, used 878207K [0x00000000ca660000, 0x0000000100000000, 0x0000000100000000)
 Metaspace       used 41079K, capacity 41264K, committed 41776K, reserved 1085440K
  class space    used 4784K, capacity 4868K, committed 4912K, reserved 1048576K
}

Deoptimization events (10 events):
Event: 114034.118 Thread 0x00007f8a88417000 Uncommon trap: reason=unstable_if action=reinterpret pc=0x00007f8ab18e9694 method=org.elasticsearch.common.util.concurrent.AtomicArray.asList()Ljava/util/List; @ 72
Event: 114034.119 Thread 0x00007f8a88417000 Uncommon trap: reason=unstable_if action=reinterpret pc=0x00007f8ab1a15e60 method=org.elasticsearch.common.jackson.core.json.UTF8JsonGenerator.writeString(Ljava/lang/String;)V @ 52
Event: 114034.119 Thread 0x00007f8a88417000 Uncommon trap: reason=unstable_if action=reinterpret pc=0x00007f8ab17a28fc method=org.elasticsearch.common.jackson.core.json.UTF8JsonGenerator._writeStringSegment([CII)V @ 44
Event: 114085.272 Thread 0x00007f8ac02f1000 Uncommon trap: reason=unstable_if action=reinterpret pc=0x00007f8ab1f0659c method=org.elasticsearch.common.util.BigByteArray.resize(J)V @ 95
Event: 114127.170 Thread 0x00007f8a94101800 Uncommon trap: reason=unstable_if action=reinterpret pc=0x00007f8ab26afdc8 method=java.util.TimSort.countRunAndMakeAscending([Ljava/lang/Object;IILjava/util/Comparator;)I @ 54
Event: 114364.983 Thread 0x00007f8aa020d800 Uncommon trap: reason=unstable_if action=reinterpret pc=0x00007f8ab25e578c method=java.util.concurrent.SynchronousQueue$TransferStack.awaitFulfill(Ljava/util/concurrent/SynchronousQueue$TransferStack$SNode;ZJ)Ljava/util/concurrent/SynchronousQueue$Transfe
Event: 114368.101 Thread 0x00007f8aa020d800 Uncommon trap: reason=unstable_if action=reinterpret pc=0x00007f8ab13dcaa8 method=java.util.concurrent.SynchronousQueue.poll(JLjava/util/concurrent/TimeUnit;)Ljava/lang/Object; @ 18
Event: 114370.468 Thread 0x00007f8ac0d9b000 Uncommon trap: reason=unstable_if action=reinterpret pc=0x00007f8ab2502ebc method=java.util.concurrent.SynchronousQueue.offer(Ljava/lang/Object;)Z @ 22
Event: 114370.468 Thread 0x00007f8aa020d800 Uncommon trap: reason=null_check action=make_not_entrant pc=0x00007f8ab1e2b478 method=java.util.concurrent.ThreadPoolExecutor.getTask()Ljava/lang/Runnable; @ 139
Event: 114372.291 Thread 0x00007f8ac0d9b000 Uncommon trap: reason=unstable_if action=reinterpret pc=0x00007f8ab21ef890 method=java.util.concurrent.ThreadPoolExecutor.execute(Ljava/lang/Runnable;)V @ 66

Classes redefined (0 events):
No events

Internal exceptions (10 events):
Event: 11973.133 Thread 0x00007f8a8034f800 Implicit null exception at 0x00007f8ab163eaf9 to 0x00007f8ab163f371
Event: 11973.152 Thread 0x00007f8a88a81800 Implicit null exception at 0x00007f8ab1cc94af to 0x00007f8ab1cc997d
Event: 12381.603 Thread 0x00007f8a6c027800 Implicit null exception at 0x00007f8ab1c6830f to 0x00007f8ab1c68839
Event: 12821.758 Thread 0x00007f8a8002a800 Implicit null exception at 0x00007f8ab259f480 to 0x00007f8ab25a18c1
Event: 13533.832 Thread 0x00007f8a90099800 Implicit null exception at 0x00007f8ab201bf66 to 0x00007f8ab201c3ba
Event: 16558.119 Thread 0x00007f8a6c027800 Implicit null exception at 0x00007f8ab2361ce8 to 0x00007f8ab2362df5
Event: 114085.271 Thread 0x00007f8ac02f1000 Exception <a 'java/lang/OutOfMemoryError'> (0x00000000cb2a40c0) thrown at [/build/openjdk-8-g3XteX/openjdk-8-8u222-b10/src/hotspot/src/share/vm/gc_interface/collectedHeap.inline.hpp, line 159]
Event: 114096.986 Thread 0x00007f8a8c405800 Exception <a 'java/lang/OutOfMemoryError'> (0x00000000cb272920) thrown at [/build/openjdk-8-g3XteX/openjdk-8-8u222-b10/src/hotspot/src/share/vm/gc_interface/collectedHeap.inline.hpp, line 159]
Event: 114110.995 Thread 0x00007f8a88417000 Exception <a 'java/lang/OutOfMemoryError'> (0x00000000cb253fb0) thrown at [/build/openjdk-8-g3XteX/openjdk-8-8u222-b10/src/hotspot/src/share/vm/gc_interface/collectedHeap.inline.hpp, line 159]
Event: 114369.851 Thread 0x00007f8aa020d800 Implicit null exception at 0x00007f8ab1e2b0f7 to 0x00007f8ab1e2b451

Events (10 events):
Event: 114370.258 Thread 0x00007f8ac0d9b000 Uncommon trap: trap_request=0xffffff65 fr.pc=0x00007f8ab2502ebc
Event: 114371.084 Thread 0x00007f8ac0d9b000 DEOPT PACKING pc=0x00007f8ab2502ebc sp=0x00007f8aa8044890
Event: 114371.107 Thread 0x00007f8aa020d800 DEOPT PACKING pc=0x00007f8ab1e2b478 sp=0x00007f8a730ea950
Event: 114371.534 Thread 0x00007f8ac0d9b000 DEOPT UNPACKING pc=0x00007f8ab104547a sp=0x00007f8aa8044848 mode 2
Event: 114371.534 Thread 0x00007f8aa020d800 DEOPT UNPACKING pc=0x00007f8ab104547a sp=0x00007f8a730ea880 mode 2
Event: 114371.913 Thread 0x00007f8ac0d9b000 Uncommon trap: trap_request=0xffffff65 fr.pc=0x00007f8ab21ef890
Event: 114372.434 Thread 0x00007f8aa020d800 Thread exited: 0x00007f8aa020d800
Event: 114372.652 Thread 0x00007f8ac0d9b000 DEOPT PACKING pc=0x00007f8ab21ef890 sp=0x00007f8aa80448c0
Event: 114373.187 Thread 0x00007f8ac0d9b000 DEOPT UNPACKING pc=0x00007f8ab104547a sp=0x00007f8aa8044820 mode 2
Event: 114376.600 Thread 0x00007f8a6c033800 Thread added: 0x00007f8a6c033800


Dynamic libraries:
00400000-00401000 r-xp 00000000 ca:01 522406                             /usr/lib/jvm/java-8-openjdk-amd64/jre/bin/java
00600000-00601000 r--p 00000000 ca:01 522406                             /usr/lib/jvm/java-8-openjdk-amd64/jre/bin/java
00601000-00602000 rw-p 00001000 ca:01 522406                             /usr/lib/jvm/java-8-openjdk-amd64/jre/bin/java
01c55000-01c94000 rw-p 00000000 00:00 0                                  [heap]
c0000000-100000000 rw-p 00000000 00:00 0 
100000000-1004cc000 rw-p 00000000 00:00 0 
1004cc000-140000000 ---p 00000000 00:00 0 
7f8a328dd000-7f8a329a4000 r--s 00000000 ca:01 1822495                    /home/ubuntu/Projects/eamena/eamena/elasticsearch/elasticsearch-1.4.1/data/elasticsearch/nodes/0/indices/resource/0/index/_1cq8_es090_0.tim
7f8a329a4000-7f8a32a63000 r--s 00000000 ca:01 1807973                    /home/ubuntu/Projects/eamena/eamena/elasticsearch/elasticsearch-1.4.1/data/elasticsearch/nodes/0/indices/entity/0/index/_1cn5_es090_0.tim
7f8a32a63000-7f8a32a64000 r--s 00000000 ca:01 1053059                    /home/ubuntu/Projects/eamena/eamena/elasticsearch/elasticsearch-1.4.1/data/elasticsearch/nodes/0/indices/term/0/index/_fe4p_Lucene410_0.dvd
7f8a32a64000-7f8a32aaf000 r--s 00000000 ca:01 1050862                    /home/ubuntu/Projects/eamena/eamena/elasticsearch/elasticsearch-1.4.1/data/elasticsearch/nodes/0/indices/term/0/index/_fe4p_es090_0.tim
7f8a32aaf000-7f8a32ab2000 ---p 00000000 00:00 0 
7f8a32ab2000-7f8a32af0000 rw-p 00000000 00:00 0 
7f8a32af0000-7f8a32af3000 ---p 00000000 00:00 0 
7f8a32af3000-7f8a32b31000 rw-p 00000000 00:00 0 
7f8a32b31000-7f8a32b34000 ---p 00000000 00:00 0 
7f8a32b34000-7f8a32b72000 rw-p 00000000 00:00 0 
7f8a32b72000-7f8a32b75000 ---p 00000000 00:00 0 
7f8a32b75000-7f8a32bb3000 rw-p 00000000 00:00 0 
7f8a32bb3000-7f8a32bb6000 ---p 00000000 00:00 0 
7f8a32bb6000-7f8a32bf4000 rw-p 00000000 00:00 0 
7f8a32bf4000-7f8a32bf7000 ---p 00000000 00:00 0 
7f8a32bf7000-7f8a32e35000 rw-p 00000000 00:00 0 
7f8a32e35000-7f8a33035000 rw-p 00000000 00:00 0 
7f8a33035000-7f8a33038000 ---p 00000000 00:00 0 
7f8a33038000-7f8a33076000 rw-p 00000000 00:00 0 
7f8a33076000-7f8a33079000 ---p 00000000 00:00 0 
7f8a33079000-7f8a330b7000 rw-p 00000000 00:00 0 
7f8a330b7000-7f8a330ba000 ---p 00000000 00:00 0 
7f8a330ba000-7f8a332f8000 rw-p 00000000 00:00 0 
7f8a332f8000-7f8a332fb000 ---p 00000000 00:00 0 
7f8a332fb000-7f8a33339000 rw-p 00000000 00:00 0 
7f8a333ac000-7f8a333ad000 r--s 00000000 ca:01 1823725                    /home/ubuntu/Projects/eamena/eamena/elasticsearch/elasticsearch-1.4.1/data/elasticsearch/nodes/0/indices/entity/0/index/_1cjt_Lucene410_0.dvd
7f8a333ad000-7f8a33425000 r--s 00000000 ca:01 1797574                    /home/ubuntu/Projects/eamena/eamena/elasticsearch/elasticsearch-1.4.1/data/elasticsearch/nodes/0/indices/entity/0/index/_1cjt_es090_0.tim
7f8a33425000-7f8a33426000 r--s 00000000 ca:01 1827387                    /home/ubuntu/Projects/eamena/eamena/elasticsearch/elasticsearch-1.4.1/data/elasticsearch/nodes/0/indices/entity/0/index/_1ckq_Lucene410_0.dvd
7f8a33426000-7f8a334d3000 r--s 00000000 ca:01 1797593                    /home/ubuntu/Projects/eamena/eamena/elasticsearch/elasticsearch-1.4.1/data/elasticsearch/nodes/0/indices/entity/0/index/_1ckq_es090_0.tim
7f8a334d3000-7f8a33582000 r--s 00000000 ca:01 1810554                    /home/ubuntu/Projects/eamena/eamena/elasticsearch/elasticsearch-1.4.1/data/elasticsearch/nodes/0/indices/entity/0/index/_1clm_es090_0.tim
7f8a33582000-7f8a33645000 r--s 00000000 ca:01 1823788                    /home/ubuntu/Projects/eamena/eamena/elasticsearch/elasticsearch-1.4.1/data/elasticsearch/nodes/0/indices/entity/0/index/_1cmf_es090_0.tim
7f8a33645000-7f8a33648000 r--s 00000000 ca:01 1826200                    /home/ubuntu/Projects/eamena/eamena/elasticsearch/elasticsearch-1.4.1/data/elasticsearch/nodes/0/indices/entity/0/index/_1c8l_Lucene410_0.dvd
7f8a33648000-7f8a338d6000 r--s 00000000 ca:01 1826163                    /home/ubuntu/Projects/eamena/eamena/elasticsearch/elasticsearch-1.4.1/data/elasticsearch/nodes/0/indices/entity/0/index/_1c8l_es090_0.tim
7f8a338d6000-7f8a338da000 r--s 00000000 ca:01 1794470                    /home/ubuntu/Projects/eamena/eamena/elasticsearch/elasticsearch-1.4.1/data/elasticsearch/nodes/0/indices/entity/0/index/_1bxm_Lucene410_0.dvd
7f8a338da000-7f8a33be8000 r--s 00000000 ca:01 1792207                    /home/ubuntu/Projects/eamena/eamena/elasticsearch/elasticsearch-1.4.1/data/elasticsearch/nodes/0/indices/entity/0/index/_1bxm_es090_0.tim
7f8a33be8000-7f8a33bf1000 r--s 00000000 ca:01 1807970                    /home/ubuntu/Projects/eamena/eamena/elasticsearch/elasticsearch-1.4.1/data/elasticsearch/nodes/0/indices/entity/0/index/_1bn1_Lucene410_0.dvd
7f8a33bf1000-7f8a342e9000 r--s 00000000 ca:01 1810578                    /home/ubuntu/Projects/eamena/eamena/elasticsearch/elasticsearch-1.4.1/data/elasticsearch/nodes/0/indices/entity/0/index/_1bn1_es090_0.tim
7f8a342e9000-7f8a34550000 r--s 00000000 ca:01 1792201                    /home/ubuntu/Projects/eamena/eamena/elasticsearch/elasticsearch-1.4.1/data/elasticsearch/nodes/0/indices/entity/0/index/_1aw1_es090_0.tim
7f8a34550000-7f8a34795000 r--s 00000000 ca:01 1815590                    /home/ubuntu/Projects/eamena/eamena/elasticsearch/elasticsearch-1.4.1/data/elasticsearch/nodes/0/indices/entity/0/index/_1bh6_es090_0.tim
7f8a34795000-7f8a3479f000 r--s 00000000 ca:01 1815500                    /home/ubuntu/Projects/eamena/eamena/elasticsearch/elasticsearch-1.4.1/data/elasticsearch/nodes/0/indices/entity/0/index/_1cf0_Lucene410_0.dvd
7f8a3479f000-7f8a350c4000 r--s 00000000 ca:01 1810599                    /home/ubuntu/Projects/eamena/eamena/elasticsearch/elasticsearch-1.4.1/data/elasticsearch/nodes/0/indices/entity/0/index/_1cf0_es090_0.tim
7f8a350c4000-7f8a350e3000 r--s 00000000 ca:01 1810631                    /home/ubuntu/Projects/eamena/eamena/elasticsearch/elasticsearch-1.4.1/data/elasticsearch/nodes/0/indices/entity/0/index/_187x_Lucene410_0.dvd
7f8a350e3000-7f8a35e7a000 r--s 00000000 ca:01 1810612                    /home/ubuntu/Projects/eamena/eamena/elasticsearch/elasticsearch-1.4.1/data/elasticsearch/nodes/0/indices/entity/0/index/_187x_es090_0.tim
7f8a35e7a000-7f8a35e84000 r--s 00000000 ca:01 1792376                    /home/ubuntu/Projects/eamena/eamena/elasticsearch/elasticsearch-1.4.1/data/elasticsearch/nodes/0/indices/entity/0/index/_16cm_Lucene410_0.dvd
7f8a35e84000-7f8a3674c000 r--s 00000000 ca:01 1792310                    /home/ubuntu/Projects/eamena/eamena/elasticsearch/elasticsearch-1.4.1/data/elasticsearch/nodes/0/indices/entity/0/index/_16cm_es090_0.tim
7f8a3674c000-7f8a3678f000 r--s 00000000 ca:01 1794287                    /home/ubuntu/Projects/eamena/eamena/elasticsearch/elasticsearch-1.4.1/data/elasticsearch/nodes/0/indices/entity/0/index/_1a7w_Lucene410_0.dvd
7f8a3678f000-7f8a385c3000 r--s 00000000 ca:01 1792293                    /home/ubuntu/Projects/eamena/eamena/elasticsearch/elasticsearch-1.4.1/data/elasticsearch/nodes/0/indices/entity/0/index/_1a7w_es090_0.tim
7f8a385c3000-7f8a385cd000 r--s 00000000 ca:01 1792325                    /home/ubuntu/Projects/eamena/eamena/elasticsearch/elasticsearch-1.4.1/data/elasticsearch/nodes/0/indices/entity/0/index/_13u5_Lucene410_0.dvd
7f8a385cd000-7f8a38e61000 r--s 00000000 ca:01 1792267                    /home/ubuntu/Projects/eamena/eamena/elasticsearch/elasticsearch-1.4.1/data/elasticsearch/nodes/0/indices/entity/0/index/_13u5_es090_0.tim
7f8a38e61000-7f8a38eab000 r--s 00000000 ca:01 1792075                    /home/ubuntu/Projects/eamena/eamena/elasticsearch/elasticsearch-1.4.1/data/elasticsearch/nodes/0/indices/entity/0/index/_15ej_Lucene410_0.dvd
7f8a38eab000-7f8a3abea000 r--s 00000000 ca:01 1792335                    /home/ubuntu/Projects/eamena/eamena/elasticsearch/elasticsearch-1.4.1/data/elasticsearch/nodes/0/indices/entity/0/index/_15ej_es090_0.tim
7f8a3abea000-7f8a3ac6d000 r--s 00000000 ca:01 1837042                    /home/ubuntu/Projects/eamena/eamena/elasticsearch/elasticsearch-1.4.1/data/elasticsearch/nodes/0/indices/entity/0/index/_y93_Lucene410_0.dvd
7f8a3ac6d000-7f8a3d46e000 r--s 00000000 ca:01 1837067                    /home/ubuntu/Projects/eamena/eamena/elasticsearch/elasticsearch-1.4.1/data/elasticsearch/nodes/0/indices/entity/0/index/_y93_es090_0.tim
7f8a3d46e000-7f8a3d531000 r--s 00000000 ca:01 1794597                    /home/ubuntu/Projects/eamena/eamena/elasticsearch/elasticsearch-1.4.1/data/elasticsearch/nodes/0/indices/entity/0/index/_dje_Lucene410_0.dvd
7f8a3d531000-7f8a3d71b000 r--s 00000000 ca:01 1794474                    /home/ubuntu/Projects/eamena/eamena/elasticsearch/elasticsearch-1.4.1/data/elasticsearch/nodes/0/indices/maplayers/0/index/_13m2_es090_0.tim
7f8a3d71b000-7f8a40e43000 r--s 00000000 ca:01 1794512                    /home/ubuntu/Projects/eamena/eamena/elasticsearch/elasticsearch-1.4.1/data/elasticsearch/nodes/0/indices/entity/0/index/_dje_es090_0.tim
7f8a40e43000-7f8a40f19000 r--s 00000000 ca:01 1832424                    /home/ubuntu/Projects/eamena/eamena/elasticsearch/elasticsearch-1.4.1/data/elasticsearch/nodes/0/indices/entity/0/index/_p0g_Lucene410_0.dvd
7f8a40f19000-7f8a41afb000 r--s 00000000 ca:01 1792215                    /home/ubuntu/Projects/eamena/eamena/elasticsearch/elasticsearch-1.4.1/data/elasticsearch/nodes/0/indices/maplayers/0/index/_z3s_es090_0.tim
7f8a41afb000-7f8a462eb000 r--s 00000000 ca:01 1819808                    /home/ubuntu/Projects/eamena/eamena/elasticsearch/elasticsearch-1.4.1/data/elasticsearch/nodes/0/indices/entity/0/index/_p0g_es090_0.tim
7f8a462eb000-7f8a46306000 r--s 00000000 ca:01 1794280                    /home/ubuntu/Projects/eamena/eamena/elasticsearch/elasticsearch-1.4.1/data/elasticsearch/nodes/0/indices/entity/0/index/_aas_Lucene410_0.dvd
7f8a46306000-7f8a46df7000 r--s 00000000 ca:01 1794659                    /home/ubuntu/Projects/eamena/eamena/elasticsearch/elasticsearch-1.4.1/data/elasticsearch/nodes/0/indices/maplayers/0/index/_8un_es090_0.tim
7f8a46df7000-7f8a4a72c000 r--s 00000000 ca:01 1794335                    /home/ubuntu/Projects/eamena/eamena/elasticsearch/elasticsearch-1.4.1/data/elasticsearch/nodes/0/indices/entity/0/index/_aas_es090_0.tim
7f8a4a72c000-7f8a4aa64000 r--s 00000000 ca:01 1038415                    /home/ubuntu/Projects/eamena/eamena/elasticsearch/elasticsearch-1.4.1/data/elasticsearch/nodes/0/indices/term/0/index/_fcv9_es090_0.tim
7f8a4aa64000-7f8a4ab31000 r--s 00000000 ca:01 1823790                    /home/ubuntu/Projects/eamena/eamena/elasticsearch/elasticsearch-1.4.1/data/elasticsearch/nodes/0/indices/resource/0/index/_1cpi_es090_0.tim
7f8a4ab31000-7f8a4acc0000 r--s 00000000 ca:01 1792211                    /home/ubuntu/Projects/eamena/eamena/elasticsearch/elasticsearch-1.4.1/data/elasticsearch/nodes/0/indices/entity/0/index/_124s_Lucene410_0.dvd
7f8a4acc0000-7f8a4b023000 r--s 00000000 ca:01 1034035                    /home/ubuntu/Projects/eamena/eamena/elasticsearch/elasticsearch-1.4.1/data/elasticsearch/nodes/0/indices/term/0/index/_f0bz_es090_0.tim
7f8a4b0e6000-7f8a53cab000 r--s 00000000 ca:01 1792194                    /home/ubuntu/Projects/eamena/eamena/elasticsearch/elasticsearch-1.4.1/data/elasticsearch/nodes/0/indices/entity/0/index/_124s_es090_0.tim
7f8a53cab000-7f8a564ab000 r--s 00000000 ca:01 1794175                    /home/ubuntu/Projects/eamena/eamena/elasticsearch/elasticsearch-1.4.1/data/elasticsearch/nodes/0/indices/entity/0/index/_8bx_es090_0.tim
7f8a564ab000-7f8a581f7000 r--s 00000000 ca:01 1024680                    /home/ubuntu/Projects/eamena/eamena/elasticsearch/elasticsearch-1.4.1/data/elasticsearch/nodes/0/indices/term/0/index/_dju7_es090_0.tim
7f8a581f7000-7f8a6c000000 r--s 00000000 ca:01 1794301                    /home/ubuntu/Projects/eamena/eamena/elasticsearch/elasticsearch-1.4.1/data/elasticsearch/nodes/0/indices/entity/0/index/_7k5_es090_0.tim
7f8a6c000000-7f8a6c055000 rw-p 00000000 00:00 0 
7f8a6c055000-7f8a70000000 ---p 00000000 00:00 0 
7f8a70000000-7f8a70001000 r--s 00000000 ca:01 1827416                    /home/ubuntu/Projects/eamena/eamena/elasticsearch/elasticsearch-1.4.1/data/elasticsearch/nodes/0/indices/entity/0/index/_1clm_Lucene410_0.dvd
7f8a70001000-7f8a70002000 r--s 00000000 ca:01 1827365                    /home/ubuntu/Projects/eamena/eamena/elasticsearch/elasticsearch-1.4.1/data/elasticsearch/nodes/0/indices/entity/0/index/_1cmf_Lucene410_0.dvd
7f8a70002000-7f8a70005000 r--s 00000000 ca:01 1792358                    /home/ubuntu/Projects/eamena/eamena/elasticsearch/elasticsearch-1.4.1/data/elasticsearch/nodes/0/indices/entity/0/index/_1aw1_Lucene410_0.dvd
7f8a70005000-7f8a70008000 r--s 00000000 ca:01 1815614                    /home/ubuntu/Projects/eamena/eamena/elasticsearch/elasticsearch-1.4.1/data/elasticsearch/nodes/0/indices/entity/0/index/_1bh6_Lucene410_0.dvd
7f8a70008000-7f8a7000d000 r--s 00000000 ca:01 1792270                    /home/ubuntu/Projects/eamena/eamena/elasticsearch/elasticsearch-1.4.1/data/elasticsearch/nodes/0/indices/maplayers/0/index/_z3s_Lucene410_0.dvd
7f8a7000d000-7f8a7000f000 r--s 00000000 ca:01 1794161                    /home/ubuntu/Projects/eamena/eamena/elasticsearch/elasticsearch-1.4.1/data/elasticsearch/nodes/0/indices/maplayers/0/index/_8un_Lucene410_0.dvd
7f8a70017000-7f8a70018000 r--s 00000000 ca:01 1826166                    /home/ubuntu/Projects/eamena/eamena/elasticsearch/elasticsearch-1.4.1/data/elasticsearch/nodes/0/indices/resource/0/index/_1cq8_Lucene410_0.dvd
7f8a70018000-7f8a7001b000 ---p 00000000 00:00 0 
7f8a7001b000-7f8a70059000 rw-p 00000000 00:00 0 
7f8a70059000-7f8a7039c000 r--s 00000000 ca:01 1070003                    /home/ubuntu/Projects/eamena/eamena/elasticsearch/elasticsearch-1.4.1/data/elasticsearch/nodes/0/indices/term/0/index/_epgd_es090_0.tim
7f8a7039c000-7f8a703c8000 r--s 00000000 ca:01 1024686                    /home/ubuntu/Projects/eamena/eamena/elasticsearch/elasticsearch-1.4.1/data/elasticsearch/nodes/0/indices/term/0/index/_dju7_Lucene410_0.dvd
7f8a703c8000-7f8a70496000 r--s 00000000 ca:01 1827413                    /home/ubuntu/Projects/eamena/eamena/elasticsearch/elasticsearch-1.4.1/data/elasticsearch/nodes/0/indices/resource/0/index/_1cop_es090_0.tim
7f8a70496000-7f8a70806000 r--s 00000000 ca:01 1794338                    /home/ubuntu/Projects/eamena/eamena/elasticsearch/elasticsearch-1.4.1/data/elasticsearch/nodes/0/indices/resource/0/index/_19u5_es090_0.tim
7f8a70806000-7f8a70898000 r--s 00000000 ca:01 1794454                    /home/ubuntu/Projects/eamena/eamena/elasticsearch/elasticsearch-1.4.1/data/elasticsearch/nodes/0/indices/entity/0/index/_7k5_Lucene410_0.dvd
7f8a70898000-7f8a709ea000 r--s 00000000 ca:01 1807776                    /home/ubuntu/Projects/eamena/eamena/elasticsearch/elasticsearch-1.4.1/data/elasticsearch/nodes/0/indices/resource/0/index/_15g5_es090_0.tim
7f8a709ea000-7f8a7120b000 r--s 00000000 ca:01 1792044                    /home/ubuntu/Projects/eamena/eamena/elasticsearch/elasticsearch-1.4.1/data/elasticsearch/nodes/0/indices/resource/0/index/_13xj_es090_0.tim
7f8a7120b000-7f8a71462000 r--s 00000000 ca:01 1792105                    /home/ubuntu/Projects/eamena/eamena/elasticsearch/elasticsearch-1.4.1/data/elasticsearch/nodes/0/indices/resource/0/index/_126t_es090_0.tim
7f8a71462000-7f8a72064000 r--s 00000000 ca:01 1794430                    /home/ubuntu/Projects/eamena/eamena/elasticsearch/elasticsearch-1.4.1/data/elasticsearch/nodes/0/indices/resource/0/index/_nkg_es090_0.tim
7f8a72064000-7f8a72067000 ---p 00000000 00:00 0 
7f8a72067000-7f8a720a5000 rw-p 00000000 00:00 0 
7f8a720a5000-7f8a72f19000 r--s 00000000 ca:01 1794104                    /home/ubuntu/Projects/eamena/eamena/elasticsearch/elasticsearch-1.4.1/data/elasticsearch/nodes/0/indices/resource/0/index/_892_es090_0.tim
7f8a72f19000-7f8a72fc9000 r--s 00000000 ca:01 1792404                    /home/ubuntu/Projects/eamena/eamena/elasticsearch/elasticsearch-1.4.1/data/elasticsearch/nodes/0/indices/concept_labels/0/index/_7z_es090_0.tim
7f8a72fc9000-7f8a730ab000 r--s 00000000 ca:01 1807767                    /home/ubuntu/Projects/eamena/eamena/elasticsearch/elasticsearch-1.4.1/data/elasticsearch/nodes/0/indices/resource_relations/0/index/_4dz_es090_0.tim
7f8a730ae000-7f8a732ec000 rw-p 00000000 00:00 0 
7f8a732ec000-7f8a734ec000 rw-p 00000000 00:00 0 
7f8a734ec000-7f8a734ef000 ---p 00000000 00:00 0 
7f8a734ef000-7f8a7372d000 rw-p 00000000 00:00 0 
7f8a7372d000-7f8a73730000 ---p 00000000 00:00 0 
7f8a73730000-7f8a7376e000 rw-p 00000000 00:00 0 
7f8a7376e000-7f8a73771000 ---p 00000000 00:00 0 
7f8a73771000-7f8a737af000 rw-p 00000000 00:00 0 
7f8a737af000-7f8a737b2000 ---p 00000000 00:00 0 
7f8a737b2000-7f8a737f0000 rw-p 00000000 00:00 0 
7f8a737f0000-7f8a737f3000 ---p 00000000 00:00 0 
7f8a737f3000-7f8a73831000 rw-p 00000000 00:00 0 
7f8a73831000-7f8a73834000 ---p 00000000 00:00 0 
7f8a73834000-7f8a73872000 rw-p 00000000 00:00 0 
7f8a73872000-7f8a73875000 ---p 00000000 00:00 0 
7f8a73875000-7f8a738b3000 rw-p 00000000 00:00 0 
7f8a738b3000-7f8a738b6000 ---p 00000000 00:00 0 
7f8a738b6000-7f8a738f4000 rw-p 00000000 00:00 0 
7f8a738f4000-7f8a738f7000 ---p 00000000 00:00 0 
7f8a738f7000-7f8a73935000 rw-p 00000000 00:00 0 
7f8a73935000-7f8a73938000 ---p 00000000 00:00 0 
7f8a73938000-7f8a73976000 rw-p 00000000 00:00 0 
7f8a73976000-7f8a73979000 ---p 00000000 00:00 0 
7f8a73979000-7f8a739b7000 rw-p 00000000 00:00 0 
7f8a739b7000-7f8a739ba000 ---p 00000000 00:00 0 
7f8a739ba000-7f8a739f8000 rw-p 00000000 00:00 0 
7f8a739f8000-7f8a739fb000 ---p 00000000 00:00 0 
7f8a739fb000-7f8a73a39000 rw-p 00000000 00:00 0 
7f8a73a39000-7f8a73a3c000 ---p 00000000 00:00 0 
7f8a73a3c000-7f8a73a7a000 rw-p 00000000 00:00 0 
7f8a73a7a000-7f8a73a7d000 ---p 00000000 00:00 0 
7f8a73a7d000-7f8a73abb000 rw-p 00000000 00:00 0 
7f8a73abb000-7f8a73abe000 ---p 00000000 00:00 0 
7f8a73abe000-7f8a73cfc000 rw-p 00000000 00:00 0 
7f8a73cfc000-7f8a73cff000 ---p 00000000 00:00 0 
7f8a73cff000-7f8a73d3d000 rw-p 00000000 00:00 0 
7f8a73d3d000-7f8a73d40000 ---p 00000000 00:00 0 
7f8a73d40000-7f8a73d7e000 rw-p 00000000 00:00 0 
7f8a73d7e000-7f8a73d81000 ---p 00000000 00:00 0 
7f8a73d81000-7f8a73dbf000 rw-p 00000000 00:00 0 
7f8a73dbf000-7f8a73dc2000 ---p 00000000 00:00 0 
7f8a73dc2000-7f8a74000000 rw-p 00000000 00:00 0 
7f8a74000000-7f8a7410e000 rw-p 00000000 00:00 0 
7f8a7410e000-7f8a78000000 ---p 00000000 00:00 0 
7f8a78000000-7f8a78173000 rw-p 00000000 00:00 0 
7f8a78173000-7f8a7c000000 ---p 00000000 00:00 0 
7f8a7c000000-7f8a7c001000 r--s 00000000 ca:01 1794548                    /home/ubuntu/Projects/eamena/eamena/elasticsearch/elasticsearch-1.4.1/data/elasticsearch/nodes/0/indices/maplayers/0/index/_13m2_Lucene410_0.dvd
7f8a7c001000-7f8a7c002000 r--s 00000000 ca:01 1807980                    /home/ubuntu/Projects/eamena/eamena/elasticsearch/elasticsearch-1.4.1/data/elasticsearch/nodes/0/indices/entity/0/index/_1cn5_Lucene410_0.dvd
7f8a7c002000-7f8a7c003000 r--s 00000000 ca:01 1044996                    /home/ubuntu/Projects/eamena/eamena/elasticsearch/elasticsearch-1.4.1/data/elasticsearch/nodes/0/indices/term/0/index/_fcv9_Lucene410_0.dvd
7f8a7c003000-7f8a7c006000 r--s 00000000 ca:01 1034038                    /home/ubuntu/Projects/eamena/eamena/elasticsearch/elasticsearch-1.4.1/data/elasticsearch/nodes/0/indices/term/0/index/_f0bz_Lucene410_0.dvd
7f8a7c006000-7f8a7c009000 r--s 00000000 ca:01 1070012                    /home/ubuntu/Projects/eamena/eamena/elasticsearch/elasticsearch-1.4.1/data/elasticsearch/nodes/0/indices/term/0/index/_epgd_Lucene410_0.dvd
7f8a7c009000-7f8a7c01d000 r--s 00000000 ca:01 1794204                    /home/ubuntu/Projects/eamena/eamena/elasticsearch/elasticsearch-1.4.1/data/elasticsearch/nodes/0/indices/entity/0/index/_8bx_Lucene410_0.dvd
7f8a7c01d000-7f8a7c020000 ---p 00000000 00:00 0 
7f8a7c020000-7f8a7c05e000 rw-p 00000000 00:00 0 
7f8a7c05e000-7f8a7c061000 ---p 00000000 00:00 0 
7f8a7c061000-7f8a7c09f000 rw-p 00000000 00:00 0 
7f8a7c09f000-7f8a7c0a2000 ---p 00000000 00:00 0 
7f8a7c0a2000-7f8a7c0e0000 rw-p 00000000 00:00 0 
7f8a7c0e0000-7f8a7c0e3000 ---p 00000000 00:00 0 
7f8a7c0e3000-7f8a7c121000 rw-p 00000000 00:00 0 
7f8a7c121000-7f8a7c124000 ---p 00000000 00:00 0 
7f8a7c124000-7f8a7c162000 rw-p 00000000 00:00 0 
7f8a7c162000-7f8a7c165000 ---p 00000000 00:00 0 
7f8a7c165000-7f8a7c1a3000 rw-p 00000000 00:00 0 
7f8a7c1a3000-7f8a7c1a6000 ---p 00000000 00:00 0 
7f8a7c1a6000-7f8a7c3e4000 rw-p 00000000 00:00 0 
7f8a7c3e4000-7f8a7c5e4000 rw-p 00000000 00:00 0 
7f8a7c5e4000-7f8a7c7e4000 rw-p 00000000 00:00 0 
7f8a7c7e4000-7f8a7c9e4000 rw-p 00000000 00:00 0 
7f8a7c9e4000-7f8a7cbe4000 rw-p 00000000 00:00 0 
7f8a7cbe4000-7f8a7cde4000 rw-p 00000000 00:00 0 
7f8a7cde4000-7f8a7cdfb000 r-xp 00000000 ca:01 25447                      /lib/x86_64-linux-gnu/libresolv-2.23.so
7f8a7cdfb000-7f8a7cffb000 ---p 00017000 ca:01 25447                      /lib/x86_64-linux-gnu/libresolv-2.23.so
7f8a7cffb000-7f8a7cffc000 r--p 00017000 ca:01 25447                      /lib/x86_64-linux-gnu/libresolv-2.23.so
7f8a7cffc000-7f8a7cffd000 rw-p 00018000 ca:01 25447                      /lib/x86_64-linux-gnu/libresolv-2.23.so
7f8a7cffd000-7f8a80000000 rw-p 00000000 00:00 0 
7f8a80000000-7f8a81995000 rw-p 00000000 00:00 0 
7f8a81995000-7f8a84000000 ---p 00000000 00:00 0 
7f8a84000000-7f8a84063000 rw-p 00000000 00:00 0 
7f8a84063000-7f8a88000000 ---p 00000000 00:00 0 
7f8a88000000-7f8a89139000 rw-p 00000000 00:00 0 
7f8a89139000-7f8a8c000000 ---p 00000000 00:00 0 
7f8a8c000000-7f8a8ff42000 rw-p 00000000 00:00 0 
7f8a8ff42000-7f8a90000000 ---p 00000000 00:00 0 
7f8a90000000-7f8a900d5000 rw-p 00000000 00:00 0 
7f8a900d5000-7f8a94000000 ---p 00000000 00:00 0 
7f8a94000000-7f8a95154000 rw-p 00000000 00:00 0 
7f8a95154000-7f8a98000000 ---p 00000000 00:00 0 
7f8a98000000-7f8a981f7000 rw-p 00000000 00:00 0 
7f8a981f7000-7f8a9c000000 ---p 00000000 00:00 0 
7f8a9c000000-7f8a9c096000 rw-p 00000000 00:00 0 
7f8a9c096000-7f8aa0000000 ---p 00000000 00:00 0 
7f8aa0000000-7f8aa0234000 rw-p 00000000 00:00 0 
7f8aa0234000-7f8aa4000000 ---p 00000000 00:00 0 
7f8aa4000000-7f8aa40ba000 rw-p 00000000 00:00 0 
7f8aa40ba000-7f8aa8000000 ---p 00000000 00:00 0 
7f8aa8000000-7f8aa8001000 r--s 00000000 ca:01 1827404                    /home/ubuntu/Projects/eamena/eamena/elasticsearch/elasticsearch-1.4.1/data/elasticsearch/nodes/0/indices/resource/0/index/_1cpi_Lucene410_0.dvd
7f8aa8002000-7f8aa8003000 r--s 00000000 ca:01 1827434                    /home/ubuntu/Projects/eamena/eamena/elasticsearch/elasticsearch-1.4.1/data/elasticsearch/nodes/0/indices/resource/0/index/_1cop_Lucene410_0.dvd
7f8aa8003000-7f8aa8004000 r--s 00000000 ca:01 1808001                    /home/ubuntu/Projects/eamena/eamena/elasticsearch/elasticsearch-1.4.1/data/elasticsearch/nodes/0/indices/resource/0/index/_19u5_Lucene410_0.dvd
7f8aa8004000-7f8aa8005000 r--s 00000000 ca:01 1807784                    /home/ubuntu/Projects/eamena/eamena/elasticsearch/elasticsearch-1.4.1/data/elasticsearch/nodes/0/indices/resource/0/index/_15g5_Lucene410_0.dvd
7f8aa8005000-7f8aa8008000 ---p 00000000 00:00 0 
7f8aa8008000-7f8aa8046000 rw-p 00000000 00:00 0 
7f8aa8046000-7f8aa8049000 ---p 00000000 00:00 0 
7f8aa8049000-7f8aa8087000 rw-p 00000000 00:00 0 
7f8aa8087000-7f8aa80b6000 r-xp 00000000 ca:01 1028009                    /home/ubuntu/Projects/eamena/eamena/elasticsearch/elasticsearch-1.4.1/lib/sigar/libsigar-amd64-linux.so
7f8aa80b6000-7f8aa81b5000 ---p 0002f000 ca:01 1028009                    /home/ubuntu/Projects/eamena/eamena/elasticsearch/elasticsearch-1.4.1/lib/sigar/libsigar-amd64-linux.so
7f8aa81b5000-7f8aa81bb000 rw-p 0002e000 ca:01 1028009                    /home/ubuntu/Projects/eamena/eamena/elasticsearch/elasticsearch-1.4.1/lib/sigar/libsigar-amd64-linux.so
7f8aa81bb000-7f8aa81be000 rw-p 00000000 00:00 0 
7f8aa81be000-7f8aa81c3000 r-xp 00000000 ca:01 25459                      /lib/x86_64-linux-gnu/libnss_dns-2.23.so
7f8aa81c3000-7f8aa83c3000 ---p 00005000 ca:01 25459                      /lib/x86_64-linux-gnu/libnss_dns-2.23.so
7f8aa83c3000-7f8aa83c4000 r--p 00005000 ca:01 25459                      /lib/x86_64-linux-gnu/libnss_dns-2.23.so
7f8aa83c4000-7f8aa83c5000 rw-p 00006000 ca:01 25459                      /lib/x86_64-linux-gnu/libnss_dns-2.23.so
7f8aa83c5000-7f8aa83c7000 r--s 00000000 ca:01 1792052                    /home/ubuntu/Projects/eamena/eamena/elasticsearch/elasticsearch-1.4.1/data/elasticsearch/nodes/0/indices/resource/0/index/_13xj_Lucene410_0.dvd
7f8aa83c7000-7f8aa83c8000 r--s 00000000 ca:01 1792304                    /home/ubuntu/Projects/eamena/eamena/elasticsearch/elasticsearch-1.4.1/data/elasticsearch/nodes/0/indices/resource/0/index/_126t_Lucene410_0.dvd
7f8aa83c8000-7f8aa83cd000 r--s 00000000 ca:01 1794650                    /home/ubuntu/Projects/eamena/eamena/elasticsearch/elasticsearch-1.4.1/data/elasticsearch/nodes/0/indices/resource/0/index/_nkg_Lucene410_0.dvd
7f8aa83cd000-7f8aa83cf000 r--s 00000000 ca:01 1794094                    /home/ubuntu/Projects/eamena/eamena/elasticsearch/elasticsearch-1.4.1/data/elasticsearch/nodes/0/indices/resource/0/index/_892_Lucene410_0.dvd
7f8aa83cf000-7f8aa83d0000 r--s 00000000 ca:01 1793998                    /home/ubuntu/Projects/eamena/eamena/elasticsearch/elasticsearch-1.4.1/data/elasticsearch/nodes/0/indices/concept_labels/0/index/_7z_Lucene410_0.dvd
7f8aa83d0000-7f8aa83d9000 r-xp 00000000 ca:01 522471                     /usr/lib/jvm/java-8-openjdk-amd64/jre/lib/amd64/libmanagement.so
7f8aa83d9000-7f8aa85d8000 ---p 00009000 ca:01 522471                     /usr/lib/jvm/java-8-openjdk-amd64/jre/lib/amd64/libmanagement.so
7f8aa85d8000-7f8aa85d9000 r--p 00008000 ca:01 522471                     /usr/lib/jvm/java-8-openjdk-amd64/jre/lib/amd64/libmanagement.so
7f8aa85d9000-7f8aa85da000 rw-p 00009000 ca:01 522471                     /usr/lib/jvm/java-8-openjdk-amd64/jre/lib/amd64/libmanagement.so
7f8aa85da000-7f8aa85eb000 r-xp 00000000 ca:01 522493                     /usr/lib/jvm/java-8-openjdk-amd64/jre/lib/amd64/libnio.so
7f8aa85eb000-7f8aa87ea000 ---p 00011000 ca:01 522493                     /usr/lib/jvm/java-8-openjdk-amd64/jre/lib/amd64/libnio.so
7f8aa87ea000-7f8aa87eb000 r--p 00010000 ca:01 522493                     /usr/lib/jvm/java-8-openjdk-amd64/jre/lib/amd64/libnio.so
7f8aa87eb000-7f8aa87ec000 rw-p 00011000 ca:01 522493                     /usr/lib/jvm/java-8-openjdk-amd64/jre/lib/amd64/libnio.so
7f8aa87ec000-7f8aa87f1000 r--s 000a3000 ca:01 533647                     /usr/lib/jvm/java-8-openjdk-amd64/jre/lib/jsse.jar
7f8aa87f1000-7f8aa8807000 r-xp 00000000 ca:01 522476                     /usr/lib/jvm/java-8-openjdk-amd64/jre/lib/amd64/libnet.so
7f8aa8807000-7f8aa8a07000 ---p 00016000 ca:01 522476                     /usr/lib/jvm/java-8-openjdk-amd64/jre/lib/amd64/libnet.so
7f8aa8a07000-7f8aa8a08000 r--p 00016000 ca:01 522476                     /usr/lib/jvm/java-8-openjdk-amd64/jre/lib/amd64/libnet.so
7f8aa8a08000-7f8aa8a09000 rw-p 00017000 ca:01 522476                     /usr/lib/jvm/java-8-openjdk-amd64/jre/lib/amd64/libnet.so
7f8aa8a09000-7f8aa8a10000 r--s 00062000 ca:01 1028020                    /home/ubuntu/Projects/eamena/eamena/elasticsearch/elasticsearch-1.4.1/lib/sigar/sigar-1.6.4.jar
7f8aa8a10000-7f8aa8a7b000 r--s 00683000 ca:01 1027860                    /home/ubuntu/Projects/eamena/eamena/elasticsearch/elasticsearch-1.4.1/lib/groovy-all-2.3.2.jar
7f8aa8a7b000-7f8aa8a7d000 r--s 00011000 ca:01 1027866                    /home/ubuntu/Projects/eamena/eamena/elasticsearch/elasticsearch-1.4.1/lib/lucene-expressions-4.10.2.jar
7f8aa8a7d000-7f8aa8a81000 r--s 000dc000 ca:01 1027861                    /home/ubuntu/Projects/eamena/eamena/elasticsearch/elasticsearch-1.4.1/lib/jna-4.1.0.jar
7f8aa8a81000-7f8aa8a83000 r--s 00016000 ca:01 1027871                    /home/ubuntu/Projects/eamena/eamena/elasticsearch/elasticsearch-1.4.1/lib/lucene-misc-4.10.2.jar
7f8aa8a83000-7f8aa8aad000 r--s 00247000 ca:01 1027865                    /home/ubuntu/Projects/eamena/eamena/elasticsearch/elasticsearch-1.4.1/lib/lucene-core-4.10.2.jar
7f8aa8aad000-7f8aa8ab0000 r--s 00026000 ca:01 1027856                    /home/ubuntu/Projects/eamena/eamena/elasticsearch/elasticsearch-1.4.1/lib/antlr-runtime-3.5.jar
7f8aa8ab0000-7f8aa8ab9000 r--s 0006f000 ca:01 1027863                    /home/ubuntu/Projects/eamena/eamena/elasticsearch/elasticsearch-1.4.1/lib/log4j-1.2.17.jar
7f8aa8ab9000-7f8aa8abb000 r--s 0000e000 ca:01 1027868                    /home/ubuntu/Projects/eamena/eamena/elasticsearch/elasticsearch-1.4.1/lib/lucene-join-4.10.2.jar
7f8aa8abb000-7f8aa8abd000 r--s 00008000 ca:01 1027858                    /home/ubuntu/Projects/eamena/eamena/elasticsearch/elasticsearch-1.4.1/lib/asm-commons-4.1.jar
7f8aa8abd000-7f8aa8ace000 r--s 0018f000 ca:01 1027864                    /home/ubuntu/Projects/eamena/eamena/elasticsearch/elasticsearch-1.4.1/lib/lucene-analyzers-common-4.10.2.jar
7f8aa8ace000-7f8aa8af4000 rw-p 00000000 00:00 0 
7f8aa8af4000-7f8aa8bfe000 r--s 00bb6000 ca:01 1027859                    /home/ubuntu/Projects/eamena/eamena/elasticsearch/elasticsearch-1.4.1/lib/elasticsearch-1.4.1.jar
7f8aa8bfe000-7f8aa8bff000 ---p 00000000 00:00 0 
7f8aa8bff000-7f8aa8cff000 rw-p 00000000 00:00 0 
7f8aa8cff000-7f8aa8d02000 ---p 00000000 00:00 0 
7f8aa8d02000-7f8aa8d40000 rw-p 00000000 00:00 0 
7f8aa8d40000-7f8aa8d43000 ---p 00000000 00:00 0 
7f8aa8d43000-7f8aa8e41000 rw-p 00000000 00:00 0 
7f8aa8e41000-7f8aa8e44000 ---p 00000000 00:00 0 
7f8aa8e44000-7f8aa8f42000 rw-p 00000000 00:00 0 
7f8aa8f42000-7f8aa8f45000 ---p 00000000 00:00 0 
7f8aa8f45000-7f8aa8f83000 rw-p 00000000 00:00 0 
7f8aa8f83000-7f8aa8f86000 ---p 00000000 00:00 0 
7f8aa8f86000-7f8aa8fc4000 rw-p 00000000 00:00 0 
7f8aa8fc4000-7f8aa915c000 r--p 00000000 ca:01 6316                       /usr/lib/locale/locale-archive
7f8aa915c000-7f8aa915f000 ---p 00000000 00:00 0 
7f8aa915f000-7f8aa919d000 rw-p 00000000 00:00 0 
7f8aa919d000-7f8aa91a0000 ---p 00000000 00:00 0 
7f8aa91a0000-7f8aa91de000 rw-p 00000000 00:00 0 
7f8aa91de000-7f8aa91df000 ---p 00000000 00:00 0 
7f8aa91df000-7f8aa932d000 rw-p 00000000 00:00 0 
7f8aa932d000-7f8aa94fd000 r--s 03c5c000 ca:01 522436                     /usr/lib/jvm/java-8-openjdk-amd64/jre/lib/rt.jar
7f8aa94fd000-7f8aa9cfd000 rw-p 00000000 00:00 0 
7f8aa9cfd000-7f8aa9cfe000 ---p 00000000 00:00 0 
7f8aa9cfe000-7f8aac000000 rw-p 00000000 00:00 0 
7f8aac000000-7f8aac0e5000 rw-p 00000000 00:00 0 
7f8aac0e5000-7f8ab0000000 ---p 00000000 00:00 0 
7f8ab0000000-7f8ab0001000 r--s 00000000 ca:01 1815495                    /home/ubuntu/Projects/eamena/eamena/elasticsearch/elasticsearch-1.4.1/data/elasticsearch/nodes/0/indices/resource_relations/0/index/_4dz_Lucene410_0.dvd
7f8ab0001000-7f8ab0002000 r--s 00008000 ca:01 1027870                    /home/ubuntu/Projects/eamena/eamena/elasticsearch/elasticsearch-1.4.1/lib/lucene-memory-4.10.2.jar
7f8ab0002000-7f8ab0005000 r--s 00018000 ca:01 1027867                    /home/ubuntu/Projects/eamena/eamena/elasticsearch/elasticsearch-1.4.1/lib/lucene-grouping-4.10.2.jar
7f8ab0005000-7f8ab0007000 r--s 00017000 ca:01 1027877                    /home/ubuntu/Projects/eamena/eamena/elasticsearch/elasticsearch-1.4.1/lib/spatial4j-0.4.1.jar
7f8ab0007000-7f8ab000a000 r--s 0001b000 ca:01 1027874                    /home/ubuntu/Projects/eamena/eamena/elasticsearch/elasticsearch-1.4.1/lib/lucene-sandbox-4.10.2.jar
7f8ab000a000-7f8ab001b000 r--s 000b2000 ca:01 1027862                    /home/ubuntu/Projects/eamena/eamena/elasticsearch/elasticsearch-1.4.1/lib/jts-1.13.jar
7f8ab001b000-7f8ab1000000 rw-p 00000000 00:00 0 
7f8ab1000000-7f8ab2ae0000 rwxp 00000000 00:00 0 
7f8ab2ae0000-7f8ac0000000 ---p 00000000 00:00 0 
7f8ac0000000-7f8ac10d5000 rw-p 00000000 00:00 0 
7f8ac10d5000-7f8ac4000000 ---p 00000000 00:00 0 
7f8ac4000000-7f8ac4006000 r--s 0002f000 ca:01 1027872                    /home/ubuntu/Projects/eamena/eamena/elasticsearch/elasticsearch-1.4.1/lib/lucene-queries-4.10.2.jar
7f8ac4006000-7f8ac4009000 r--s 0001c000 ca:01 1027875                    /home/ubuntu/Projects/eamena/eamena/elasticsearch/elasticsearch-1.4.1/lib/lucene-spatial-4.10.2.jar
7f8ac4009000-7f8ac400c000 r--s 00029000 ca:01 1027876                    /home/ubuntu/Projects/eamena/eamena/elasticsearch/elasticsearch-1.4.1/lib/lucene-suggest-4.10.2.jar
7f8ac400c000-7f8ac400f000 r--s 0001f000 ca:01 1027869                    /home/ubuntu/Projects/eamena/eamena/elasticsearch/elasticsearch-1.4.1/lib/lucene-highlighter-4.10.2.jar
7f8ac400f000-7f8ac4018000 r--s 00057000 ca:01 1027873                    /home/ubuntu/Projects/eamena/eamena/elasticsearch/elasticsearch-1.4.1/lib/lucene-queryparser-4.10.2.jar
7f8ac4018000-7f8ac4019000 r--s 0000b000 ca:01 1027857                    /home/ubuntu/Projects/eamena/eamena/elasticsearch/elasticsearch-1.4.1/lib/asm-4.1.jar
7f8ac4019000-7f8ac401b000 r--s 00001000 ca:01 522456                     /usr/lib/jvm/java-8-openjdk-amd64/jre/lib/ext/dnsns.jar
7f8ac401b000-7f8ac401e000 r--s 00039000 ca:01 522454                     /usr/lib/jvm/java-8-openjdk-amd64/jre/lib/ext/sunpkcs11.jar
7f8ac401e000-7f8ac401f000 r--s 0000a000 ca:01 522453                     /usr/lib/jvm/java-8-openjdk-amd64/jre/lib/ext/jaccess.jar
7f8ac401f000-7f8ac403a000 r--s 00394000 ca:01 522455                     /usr/lib/jvm/java-8-openjdk-amd64/jre/lib/ext/cldrdata.jar
7f8ac403a000-7f8ac443c000 rw-p 00000000 00:00 0 
7f8ac443c000-7f8ac443d000 rw-p 00000000 00:00 0 
7f8ac443d000-7f8ac443e000 ---p 00000000 00:00 0 
7f8ac443e000-7f8ac45aa000 rw-p 00000000 00:00 0 
7f8ac45aa000-7f8ac48fe000 ---p 00000000 00:00 0 
7f8ac48fe000-7f8ac4906000 r-xp 00000000 ca:01 522490                     /usr/lib/jvm/java-8-openjdk-amd64/jre/lib/amd64/libzip.so
7f8ac4906000-7f8ac4b05000 ---p 00008000 ca:01 522490                     /usr/lib/jvm/java-8-openjdk-amd64/jre/lib/amd64/libzip.so
7f8ac4b05000-7f8ac4b06000 r--p 00007000 ca:01 522490                     /usr/lib/jvm/java-8-openjdk-amd64/jre/lib/amd64/libzip.so
7f8ac4b06000-7f8ac4b07000 rw-p 00008000 ca:01 522490                     /usr/lib/jvm/java-8-openjdk-amd64/jre/lib/amd64/libzip.so
7f8ac4b07000-7f8ac4b12000 r-xp 00000000 ca:01 25465                      /lib/x86_64-linux-gnu/libnss_files-2.23.so
7f8ac4b12000-7f8ac4d11000 ---p 0000b000 ca:01 25465                      /lib/x86_64-linux-gnu/libnss_files-2.23.so
7f8ac4d11000-7f8ac4d12000 r--p 0000a000 ca:01 25465                      /lib/x86_64-linux-gnu/libnss_files-2.23.so
7f8ac4d12000-7f8ac4d13000 rw-p 0000b000 ca:01 25465                      /lib/x86_64-linux-gnu/libnss_files-2.23.so
7f8ac4d13000-7f8ac4d19000 rw-p 00000000 00:00 0 
7f8ac4d19000-7f8ac4d24000 r-xp 00000000 ca:01 25473                      /lib/x86_64-linux-gnu/libnss_nis-2.23.so
7f8ac4d24000-7f8ac4f23000 ---p 0000b000 ca:01 25473                      /lib/x86_64-linux-gnu/libnss_nis-2.23.so
7f8ac4f23000-7f8ac4f24000 r--p 0000a000 ca:01 25473                      /lib/x86_64-linux-gnu/libnss_nis-2.23.so
7f8ac4f24000-7f8ac4f25000 rw-p 0000b000 ca:01 25473                      /lib/x86_64-linux-gnu/libnss_nis-2.23.so
7f8ac4f25000-7f8ac4f3b000 r-xp 00000000 ca:01 25433                      /lib/x86_64-linux-gnu/libnsl-2.23.so
7f8ac4f3b000-7f8ac513a000 ---p 00016000 ca:01 25433                      /lib/x86_64-linux-gnu/libnsl-2.23.so
7f8ac513a000-7f8ac513b000 r--p 00015000 ca:01 25433                      /lib/x86_64-linux-gnu/libnsl-2.23.so
7f8ac513b000-7f8ac513c000 rw-p 00016000 ca:01 25433                      /lib/x86_64-linux-gnu/libnsl-2.23.so
7f8ac513c000-7f8ac513e000 rw-p 00000000 00:00 0 
7f8ac513e000-7f8ac5146000 r-xp 00000000 ca:01 25455                      /lib/x86_64-linux-gnu/libnss_compat-2.23.so
7f8ac5146000-7f8ac5345000 ---p 00008000 ca:01 25455                      /lib/x86_64-linux-gnu/libnss_compat-2.23.so
7f8ac5345000-7f8ac5346000 r--p 00007000 ca:01 25455                      /lib/x86_64-linux-gnu/libnss_compat-2.23.so
7f8ac5346000-7f8ac5347000 rw-p 00008000 ca:01 25455                      /lib/x86_64-linux-gnu/libnss_compat-2.23.so
7f8ac5347000-7f8ac5370000 r-xp 00000000 ca:01 522475                     /usr/lib/jvm/java-8-openjdk-amd64/jre/lib/amd64/libjava.so
7f8ac5370000-7f8ac556f000 ---p 00029000 ca:01 522475                     /usr/lib/jvm/java-8-openjdk-amd64/jre/lib/amd64/libjava.so
7f8ac556f000-7f8ac5570000 r--p 00028000 ca:01 522475                     /usr/lib/jvm/java-8-openjdk-amd64/jre/lib/amd64/libjava.so
7f8ac5570000-7f8ac5572000 rw-p 00029000 ca:01 522475                     /usr/lib/jvm/java-8-openjdk-amd64/jre/lib/amd64/libjava.so
7f8ac5572000-7f8ac5581000 r-xp 00000000 ca:01 522492                     /usr/lib/jvm/java-8-openjdk-amd64/jre/lib/amd64/libverify.so
7f8ac5581000-7f8ac5780000 ---p 0000f000 ca:01 522492                     /usr/lib/jvm/java-8-openjdk-amd64/jre/lib/amd64/libverify.so
7f8ac5780000-7f8ac5782000 r--p 0000e000 ca:01 522492                     /usr/lib/jvm/java-8-openjdk-amd64/jre/lib/amd64/libverify.so
7f8ac5782000-7f8ac5783000 rw-p 00010000 ca:01 522492                     /usr/lib/jvm/java-8-openjdk-amd64/jre/lib/amd64/libverify.so
7f8ac5783000-7f8ac578a000 r-xp 00000000 ca:01 25475                      /lib/x86_64-linux-gnu/librt-2.23.so
7f8ac578a000-7f8ac5989000 ---p 00007000 ca:01 25475                      /lib/x86_64-linux-gnu/librt-2.23.so
7f8ac5989000-7f8ac598a000 r--p 00006000 ca:01 25475                      /lib/x86_64-linux-gnu/librt-2.23.so
7f8ac598a000-7f8ac598b000 rw-p 00007000 ca:01 25475                      /lib/x86_64-linux-gnu/librt-2.23.so
7f8ac598b000-7f8ac59a1000 r-xp 00000000 ca:01 2038                       /lib/x86_64-linux-gnu/libgcc_s.so.1
7f8ac59a1000-7f8ac5ba0000 ---p 00016000 ca:01 2038                       /lib/x86_64-linux-gnu/libgcc_s.so.1
7f8ac5ba0000-7f8ac5ba1000 rw-p 00015000 ca:01 2038                       /lib/x86_64-linux-gnu/libgcc_s.so.1
7f8ac5ba1000-7f8ac5ca9000 r-xp 00000000 ca:01 25431                      /lib/x86_64-linux-gnu/libm-2.23.so
7f8ac5ca9000-7f8ac5ea8000 ---p 00108000 ca:01 25431                      /lib/x86_64-linux-gnu/libm-2.23.so
7f8ac5ea8000-7f8ac5ea9000 r--p 00107000 ca:01 25431                      /lib/x86_64-linux-gnu/libm-2.23.so
7f8ac5ea9000-7f8ac5eaa000 rw-p 00108000 ca:01 25431                      /lib/x86_64-linux-gnu/libm-2.23.so
7f8ac5eaa000-7f8ac601c000 r-xp 00000000 ca:01 2136                       /usr/lib/x86_64-linux-gnu/libstdc++.so.6.0.21
7f8ac601c000-7f8ac621c000 ---p 00172000 ca:01 2136                       /usr/lib/x86_64-linux-gnu/libstdc++.so.6.0.21
7f8ac621c000-7f8ac6226000 r--p 00172000 ca:01 2136                       /usr/lib/x86_64-linux-gnu/libstdc++.so.6.0.21
7f8ac6226000-7f8ac6228000 rw-p 0017c000 ca:01 2136                       /usr/lib/x86_64-linux-gnu/libstdc++.so.6.0.21
7f8ac6228000-7f8ac622c000 rw-p 00000000 00:00 0 
7f8ac622c000-7f8ac6e90000 r-xp 00000000 ca:01 533640                     /usr/lib/jvm/java-8-openjdk-amd64/jre/lib/amd64/server/libjvm.so
7f8ac6e90000-7f8ac708f000 ---p 00c64000 ca:01 533640                     /usr/lib/jvm/java-8-openjdk-amd64/jre/lib/amd64/server/libjvm.so
7f8ac708f000-7f8ac7123000 r--p 00c63000 ca:01 533640                     /usr/lib/jvm/java-8-openjdk-amd64/jre/lib/amd64/server/libjvm.so
7f8ac7123000-7f8ac714c000 rw-p 00cf7000 ca:01 533640                     /usr/lib/jvm/java-8-openjdk-amd64/jre/lib/amd64/server/libjvm.so
7f8ac714c000-7f8ac717c000 rw-p 00000000 00:00 0 
7f8ac717c000-7f8ac7194000 r-xp 00000000 ca:01 25437                      /lib/x86_64-linux-gnu/libpthread-2.23.so
7f8ac7194000-7f8ac7393000 ---p 00018000 ca:01 25437                      /lib/x86_64-linux-gnu/libpthread-2.23.so
7f8ac7393000-7f8ac7394000 r--p 00017000 ca:01 25437                      /lib/x86_64-linux-gnu/libpthread-2.23.so
7f8ac7394000-7f8ac7395000 rw-p 00018000 ca:01 25437                      /lib/x86_64-linux-gnu/libpthread-2.23.so
7f8ac7395000-7f8ac7399000 rw-p 00000000 00:00 0 
7f8ac7399000-7f8ac739c000 r-xp 00000000 ca:01 25443                      /lib/x86_64-linux-gnu/libdl-2.23.so
7f8ac739c000-7f8ac759b000 ---p 00003000 ca:01 25443                      /lib/x86_64-linux-gnu/libdl-2.23.so
7f8ac759b000-7f8ac759c000 r--p 00002000 ca:01 25443                      /lib/x86_64-linux-gnu/libdl-2.23.so
7f8ac759c000-7f8ac759d000 rw-p 00003000 ca:01 25443                      /lib/x86_64-linux-gnu/libdl-2.23.so
7f8ac759d000-7f8ac75b6000 r-xp 00000000 ca:01 2192                       /lib/x86_64-linux-gnu/libz.so.1.2.8
7f8ac75b6000-7f8ac77b5000 ---p 00019000 ca:01 2192                       /lib/x86_64-linux-gnu/libz.so.1.2.8
7f8ac77b5000-7f8ac77b6000 r--p 00018000 ca:01 2192                       /lib/x86_64-linux-gnu/libz.so.1.2.8
7f8ac77b6000-7f8ac77b7000 rw-p 00019000 ca:01 2192                       /lib/x86_64-linux-gnu/libz.so.1.2.8
7f8ac77b7000-7f8ac7977000 r-xp 00000000 ca:01 25439                      /lib/x86_64-linux-gnu/libc-2.23.so
7f8ac7977000-7f8ac7b77000 ---p 001c0000 ca:01 25439                      /lib/x86_64-linux-gnu/libc-2.23.so
7f8ac7b77000-7f8ac7b7b000 r--p 001c0000 ca:01 25439                      /lib/x86_64-linux-gnu/libc-2.23.so
7f8ac7b7b000-7f8ac7b7d000 rw-p 001c4000 ca:01 25439                      /lib/x86_64-linux-gnu/libc-2.23.so
7f8ac7b7d000-7f8ac7b81000 rw-p 00000000 00:00 0 
7f8ac7b81000-7f8ac7b8e000 r-xp 00000000 ca:01 522484                     /usr/lib/jvm/java-8-openjdk-amd64/jre/lib/amd64/jli/libjli.so
7f8ac7b8e000-7f8ac7d8d000 ---p 0000d000 ca:01 522484                     /usr/lib/jvm/java-8-openjdk-amd64/jre/lib/amd64/jli/libjli.so
7f8ac7d8d000-7f8ac7d8e000 r--p 0000c000 ca:01 522484                     /usr/lib/jvm/java-8-openjdk-amd64/jre/lib/amd64/jli/libjli.so
7f8ac7d8e000-7f8ac7d8f000 rw-p 0000d000 ca:01 522484                     /usr/lib/jvm/java-8-openjdk-amd64/jre/lib/amd64/jli/libjli.so
7f8ac7d8f000-7f8ac7db5000 r-xp 00000000 ca:01 25435                      /lib/x86_64-linux-gnu/ld-2.23.so
7f8ac7db5000-7f8ac7db6000 r--s 0000d000 ca:01 522450                     /usr/lib/jvm/java-8-openjdk-amd64/jre/lib/ext/sunec.jar
7f8ac7db6000-7f8ac7dbb000 r--s 0003c000 ca:01 522457                     /usr/lib/jvm/java-8-openjdk-amd64/jre/lib/ext/sunjce_provider.jar
7f8ac7dbb000-7f8ac7dc5000 r--s 00116000 ca:01 522459                     /usr/lib/jvm/java-8-openjdk-amd64/jre/lib/ext/localedata.jar
7f8ac7dc5000-7f8ac7de0000 r--s 001d6000 ca:01 522452                     /usr/lib/jvm/java-8-openjdk-amd64/jre/lib/ext/nashorn.jar
7f8ac7de0000-7f8ac7de3000 r--s 0000f000 ca:01 522451                     /usr/lib/jvm/java-8-openjdk-amd64/jre/lib/ext/icedtea-sound.jar
7f8ac7de3000-7f8ac7e62000 rw-p 00000000 00:00 0 
7f8ac7e62000-7f8ac7e63000 ---p 00000000 00:00 0 
7f8ac7e63000-7f8ac7f63000 rw-p 00000000 00:00 0 
7f8ac7f63000-7f8ac7f66000 ---p 00000000 00:00 0 
7f8ac7f66000-7f8ac7fa8000 rw-p 00000000 00:00 0 
7f8ac7fa8000-7f8ac7fa9000 r--s 00010000 ca:01 522458                     /usr/lib/jvm/java-8-openjdk-amd64/jre/lib/ext/zipfs.jar
7f8ac7fa9000-7f8ac7fb1000 rw-s 00000000 ca:01 112                        /tmp/hsperfdata_ubuntu/14017
7f8ac7fb1000-7f8ac7fb2000 rw-p 00000000 00:00 0 
7f8ac7fb2000-7f8ac7fb3000 r--p 00000000 00:00 0 
7f8ac7fb3000-7f8ac7fb4000 rw-p 00000000 00:00 0 
7f8ac7fb4000-7f8ac7fb5000 r--p 00025000 ca:01 25435                      /lib/x86_64-linux-gnu/ld-2.23.so
7f8ac7fb5000-7f8ac7fb6000 rw-p 00026000 ca:01 25435                      /lib/x86_64-linux-gnu/ld-2.23.so
7f8ac7fb6000-7f8ac7fb7000 rw-p 00000000 00:00 0 
7ffcd7145000-7ffcd7166000 rw-p 00000000 00:00 0                          [stack]
7ffcd71e9000-7ffcd71eb000 r--p 00000000 00:00 0                          [vvar]
7ffcd71eb000-7ffcd71ed000 r-xp 00000000 00:00 0                          [vdso]
ffffffffff600000-ffffffffff601000 r-xp 00000000 00:00 0                  [vsyscall]

VM Arguments:
jvm_args: -Xms256m -Xmx1g -Xss256k -Djava.awt.headless=true -XX:+UseParNewGC -XX:+UseConcMarkSweepGC -XX:CMSInitiatingOccupancyFraction=75 -XX:+UseCMSInitiatingOccupancyOnly -XX:+HeapDumpOnOutOfMemoryError -XX:+DisableExplicitGC -Delasticsearch -Des.path.home=/home/ubuntu/Projects/eamena/eamena/elasticsearch/elasticsearch-1.4.1 
java_command: org.elasticsearch.bootstrap.Elasticsearch
java_class_path (initial): :/home/ubuntu/Projects/eamena/eamena/elasticsearch/elasticsearch-1.4.1/lib/elasticsearch-1.4.1.jar:/home/ubuntu/Projects/eamena/eamena/elasticsearch/elasticsearch-1.4.1/lib/asm-4.1.jar:/home/ubuntu/Projects/eamena/eamena/elasticsearch/elasticsearch-1.4.1/lib/lucene-queryparser-4.10.2.jar:/home/ubuntu/Projects/eamena/eamena/elasticsearch/elasticsearch-1.4.1/lib/lucene-highlighter-4.10.2.jar:/home/ubuntu/Projects/eamena/eamena/elasticsearch/elasticsearch-1.4.1/lib/jts-1.13.jar:/home/ubuntu/Projects/eamena/eamena/elasticsearch/elasticsearch-1.4.1/lib/lucene-suggest-4.10.2.jar:/home/ubuntu/Projects/eamena/eamena/elasticsearch/elasticsearch-1.4.1/lib/elasticsearch-1.4.1.jar:/home/ubuntu/Projects/eamena/eamena/elasticsearch/elasticsearch-1.4.1/lib/lucene-spatial-4.10.2.jar:/home/ubuntu/Projects/eamena/eamena/elasticsearch/elasticsearch-1.4.1/lib/lucene-queries-4.10.2.jar:/home/ubuntu/Projects/eamena/eamena/elasticsearch/elasticsearch-1.4.1/lib/lucene-sandbox-4.10.2.jar:/home/ubuntu/Projects/eamena/eamena/elasticsearch/elasticsearch-1.4.1/lib/lucene-analyzers-common-4.10.2.jar:/home/ubuntu/Projects/eamena/eamena/elasticsearch/elasticsearch-1.4.1/lib/spatial4j-0.4.1.jar:/home/ubuntu/Projects/eamena/eamena/elasticsearch/elasticsearch-1.4.1/lib/lucene-grouping-4.10.2.jar:/home/ubuntu/Projects/eamena/eamena/elasticsearch/elasticsearch-1.4.1/lib/lucene-memory-4.10.2.jar:/home/ubuntu/Projects/eamena/eamena/elasticsearch/elasticsearch-1.4.1/lib/asm-commons-4.1.jar:/home/ubuntu/Projects/eamena/eamena/elasticsearch/elasticsearch-1.4.1/lib/lucene-join-4.10.2.jar:/home/ubuntu/Projects/eamena/eamena/elasticsearch/elasticsearch-1.4.1/lib/log4j-1.2.17.jar:/home/ubuntu/Projects/eamena/eamena/elasticsearch/elasticsearch-1.4.1/lib/antlr-runtime-3.5.jar:/home/ubuntu/Projects/eamena/eamena/elasticsearch/elasticsearch-1.4.1/lib/lucene-core-4.10.2.jar:/home/ubuntu/Projects/eamena/eamena/elasticsearch/elasticsearch-1.4.1/lib/lucene-misc-4.10.2.jar:/home/ubuntu/Proje
Launcher Type: SUN_STANDARD

Environment Variables:
PATH=/home/ubuntu/Projects/ENV/bin:/home/ubuntu/bin:/home/ubuntu/.local/bin:/usr/local/sbin:/usr/local/bin:/usr/sbin:/usr/bin:/sbin:/bin:/usr/games:/usr/local/games:/snap/bin
SHELL=/bin/bash

Signal Handlers:
SIGSEGV: [libjvm.so+0xa783e0], sa_mask[0]=11111111011111111101111111111110, sa_flags=SA_RESTART|SA_SIGINFO
SIGBUS: [libjvm.so+0xa783e0], sa_mask[0]=11111111011111111101111111111110, sa_flags=SA_RESTART|SA_SIGINFO
SIGFPE: [libjvm.so+0x8c0e10], sa_mask[0]=11111111011111111101111111111110, sa_flags=SA_RESTART|SA_SIGINFO
SIGPIPE: [libjvm.so+0x8c0e10], sa_mask[0]=11111111011111111101111111111110, sa_flags=SA_RESTART|SA_SIGINFO
SIGXFSZ: [libjvm.so+0x8c0e10], sa_mask[0]=11111111011111111101111111111110, sa_flags=SA_RESTART|SA_SIGINFO
SIGILL: [libjvm.so+0x8c0e10], sa_mask[0]=11111111011111111101111111111110, sa_flags=SA_RESTART|SA_SIGINFO
SIGUSR1: SIG_DFL, sa_mask[0]=00000000000000000000000000000000, sa_flags=none
SIGUSR2: [libjvm.so+0x8c0cc0], sa_mask[0]=00000000000000000000000000000000, sa_flags=SA_RESTART|SA_SIGINFO
SIGHUP: [libjvm.so+0x8c1350], sa_mask[0]=11111111011111111101111111111110, sa_flags=SA_RESTART|SA_SIGINFO
SIGINT: SIG_IGN, sa_mask[0]=00000000000000000000000000000000, sa_flags=none
SIGTERM: [libjvm.so+0x8c1350], sa_mask[0]=11111111011111111101111111111110, sa_flags=SA_RESTART|SA_SIGINFO
SIGQUIT: [libjvm.so+0x8c1350], sa_mask[0]=11111111011111111101111111111110, sa_flags=SA_RESTART|SA_SIGINFO


---------------  S Y S T E M  ---------------

OS:DISTRIB_ID=Ubuntu
DISTRIB_RELEASE=16.04
DISTRIB_CODENAME=xenial
DISTRIB_DESCRIPTION="Ubuntu 16.04.5 LTS"

uname:Linux 4.4.0-1096-aws #107-Ubuntu SMP Thu Oct 3 01:51:58 UTC 2019 x86_64
libc:glibc 2.23 NPTL 2.23 
rlimit: STACK 8192k, CORE 0k, NPROC 31866, NOFILE 1048576, AS infinity
load average:9.90 3.85 1.45

/proc/meminfo:
MemTotal:        8173676 kB
MemFree:          114512 kB
MemAvailable:          0 kB
Buffers:             136 kB
Cached:           156500 kB
SwapCached:            0 kB
Active:          7936828 kB
Inactive:          19308 kB
Active(anon):    7936008 kB
Inactive(anon):    16732 kB
Active(file):        820 kB
Inactive(file):     2576 kB
Unevictable:        3652 kB
Mlocked:            3652 kB
SwapTotal:             0 kB
SwapFree:              0 kB
Dirty:                72 kB
Writeback:             0 kB
AnonPages:       7803240 kB
Mapped:           112388 kB
Shmem:            150728 kB
Slab:              41852 kB
SReclaimable:      21784 kB
SUnreclaim:        20068 kB
KernelStack:        4816 kB
PageTables:        23868 kB
NFS_Unstable:          0 kB
Bounce:                0 kB
WritebackTmp:          0 kB
CommitLimit:     4086836 kB
Committed_AS:    6908932 kB
VmallocTotal:   34359738367 kB
VmallocUsed:           0 kB
VmallocChunk:          0 kB
HardwareCorrupted:     0 kB
AnonHugePages:         0 kB
CmaTotal:              0 kB
CmaFree:               0 kB
HugePages_Total:       0
HugePages_Free:        0
HugePages_Rsvd:        0
HugePages_Surp:        0
Hugepagesize:       2048 kB
DirectMap4k:       40960 kB
DirectMap2M:     8347648 kB

container (cgroup) information:
container_type: cgroupv1
cpu_cpuset_cpus: 0-1
cpu_memory_nodes: 0
active_processor_count: 2
cpu_quota: -1
cpu_period: 100000
cpu_shares: -1
memory_limit_in_bytes: -1
memory_and_swap_limit_in_bytes: -2
memory_soft_limit_in_bytes: -1
memory_usage_in_bytes: 1311543296
memory_max_usage_in_bytes: 3301294080


CPU:total 2 (initial active 2) (2 cores per cpu, 1 threads per core) family 6 model 79 stepping 1, cmov, cx8, fxsr, mmx, sse, sse2, sse3, ssse3, sse4.1, sse4.2, popcnt, avx, avx2, aes, clmul, erms, lzcnt, tsc, bmi1, bmi2

/proc/cpuinfo:
processor	: 0
vendor_id	: GenuineIntel
cpu family	: 6
model		: 79
model name	: Intel(R) Xeon(R) CPU E5-2686 v4 @ 2.30GHz
stepping	: 1
microcode	: 0xb000038
cpu MHz		: 2300.084
cache size	: 46080 KB
physical id	: 0
siblings	: 2
core id		: 0
cpu cores	: 2
apicid		: 0
initial apicid	: 0
fpu		: yes
fpu_exception	: yes
cpuid level	: 13
wp		: yes
flags		: fpu vme de pse tsc msr pae mce cx8 apic sep mtrr pge mca cmov pat pse36 clflush mmx fxsr sse sse2 ht syscall nx rdtscp lm constant_tsc rep_good nopl xtopology pni pclmulqdq ssse3 fma cx16 pcid sse4_1 sse4_2 x2apic movbe popcnt tsc_deadline_timer aes xsave avx f16c rdrand hypervisor lahf_lm abm invpcid_single kaiser fsgsbase bmi1 avx2 smep bmi2 erms invpcid xsaveopt
bugs		: cpu_meltdown spectre_v1 spectre_v2 spec_store_bypass l1tf mds swapgs
bogomips	: 4600.16
clflush size	: 64
cache_alignment	: 64
address sizes	: 46 bits physical, 48 bits virtual
power management:

processor	: 1
vendor_id	: GenuineIntel
cpu family	: 6
model		: 79
model name	: Intel(R) Xeon(R) CPU E5-2686 v4 @ 2.30GHz
stepping	: 1
microcode	: 0xb000038
cpu MHz		: 2300.084
cache size	: 46080 KB
physical id	: 0
siblings	: 2
core id		: 1
cpu cores	: 2
apicid		: 2
initial apicid	: 2
fpu		: yes
fpu_exception	: yes
cpuid level	: 13
wp		: yes
flags		: fpu vme de pse tsc msr pae mce cx8 apic sep mtrr pge mca cmov pat pse36 clflush mmx fxsr sse sse2 ht syscall nx rdtscp lm constant_tsc rep_good nopl xtopology pni pclmulqdq ssse3 fma cx16 pcid sse4_1 sse4_2 x2apic movbe popcnt tsc_deadline_timer aes xsave avx f16c rdrand hypervisor lahf_lm abm invpcid_single kaiser fsgsbase bmi1 avx2 smep bmi2 erms invpcid xsaveopt
bugs		: cpu_meltdown spectre_v1 spectre_v2 spec_store_bypass l1tf mds swapgs
bogomips	: 4600.16
clflush size	: 64
cache_alignment	: 64
address sizes	: 46 bits physical, 48 bits virtual
power management:



Memory: 4k page, physical 8173676k(115740k free), swap 0k(0k free)

vm_info: OpenJDK 64-Bit Server VM (25.222-b10) for linux-amd64 JRE (1.8.0_222-8u222-b10-1ubuntu1~16.04.1-b10), built on Jul 18 2019 20:25:18 by "buildd" with gcc 5.4.0 20160609

time: Fri Nov  1 20:05:46 2019
timezone: UTC
elapsed time: 114385 seconds (1d 7h 46m 25s)

